\BOOKMARK [0][-]{chapter*.2}{Abstract}{}% 1
\BOOKMARK [0][-]{chapter*.4}{Abstract in lingua italiana}{}% 2
\BOOKMARK [0][-]{chapter*.6}{Contents}{}% 3
\BOOKMARK [0][-]{chapter*.8}{List of Figures}{}% 4
\BOOKMARK [0][-]{chapter.1}{Introduction}{}% 5
\BOOKMARK [1][-]{section.1.1}{Contents of the thesis}{chapter.1}% 6
\BOOKMARK [1][-]{section.1.2}{Contribution of this thesis}{chapter.1}% 7
\BOOKMARK [0][-]{chapter.2}{State of the art}{}% 8
\BOOKMARK [1][-]{section.2.1}{Level design theory}{chapter.2}% 9
\BOOKMARK [1][-]{section.2.2}{Procedural content generation}{chapter.2}% 10
\BOOKMARK [2][-]{subsection.2.2.1}{Procedural content generation with search algorithms}{section.2.2}% 11
\BOOKMARK [2][-]{subsection.2.2.2}{Fitness function}{section.2.2}% 12
\BOOKMARK [2][-]{subsection.2.2.3}{Procedural content generation for First-person shooters}{section.2.2}% 13
\BOOKMARK [1][-]{section.2.3}{Balancing difficulty in video games}{chapter.2}% 14
\BOOKMARK [2][-]{subsection.2.3.1}{Balancing of multi-player games}{section.2.3}% 15
\BOOKMARK [2][-]{subsection.2.3.2}{Balancing of maps in video games}{section.2.3}% 16
\BOOKMARK [1][-]{section.2.4}{Summary}{chapter.2}% 17
\BOOKMARK [0][-]{chapter.3}{Video game bots}{}% 18
\BOOKMARK [1][-]{section.3.1}{What is a video game bot}{chapter.3}% 19
\BOOKMARK [1][-]{section.3.2}{Perfect bot vs enjoyable bot}{chapter.3}% 20
\BOOKMARK [1][-]{section.3.3}{Structure of a video game bot}{chapter.3}% 21
\BOOKMARK [2][-]{subsection.3.3.1}{Knowledge acquisition and processing}{section.3.3}% 22
\BOOKMARK [2][-]{subsection.3.3.2}{Decision making}{section.3.3}% 23
\BOOKMARK [2][-]{subsection.3.3.3}{Actuation}{section.3.3}% 24
\BOOKMARK [1][-]{section.3.4}{Summary}{chapter.3}% 25
\BOOKMARK [0][-]{chapter.4}{Unity framework}{}% 26
\BOOKMARK [1][-]{section.4.1}{Motivation for the framework}{chapter.4}% 27
\BOOKMARK [1][-]{section.4.2}{High-level overview}{chapter.4}% 28
\BOOKMARK [2][-]{subsection.4.2.1}{Map representation}{section.4.2}% 29
\BOOKMARK [2][-]{subsection.4.2.2}{Game manager}{section.4.2}% 30
\BOOKMARK [2][-]{subsection.4.2.3}{Map Manager}{section.4.2}% 31
\BOOKMARK [2][-]{subsection.4.2.4}{Experiment manager}{section.4.2}% 32
\BOOKMARK [1][-]{section.4.3}{Data gathering and processing}{chapter.4}% 33
\BOOKMARK [2][-]{subsection.4.3.1}{Match raw data}{section.4.3}% 34
\BOOKMARK [2][-]{subsection.4.3.2}{Analysis metrics}{section.4.3}% 35
\BOOKMARK [2][-]{subsection.4.3.3}{Performance metrics}{section.4.3}% 36
\BOOKMARK [1][-]{section.4.4}{Unity bots}{chapter.4}% 37
\BOOKMARK [2][-]{subsection.4.4.1}{Bot architecture}{section.4.4}% 38
\BOOKMARK [2][-]{subsection.4.4.2}{Sensing layer}{section.4.4}% 39
\BOOKMARK [2][-]{subsection.4.4.3}{Knowledge Base layer}{section.4.4}% 40
\BOOKMARK [2][-]{subsection.4.4.4}{Decision making layer}{section.4.4}% 41
\BOOKMARK [2][-]{subsection.4.4.5}{Bot parametrization and profiles}{section.4.4}% 42
\BOOKMARK [1][-]{section.4.5}{Summary}{chapter.4}% 43
\BOOKMARK [0][-]{chapter.5}{Experiments with the framework}{}% 44
\BOOKMARK [1][-]{section.5.1}{Bot balance}{chapter.5}% 45
\BOOKMARK [2][-]{subsection.5.1.1}{Same profile balance}{section.5.1}% 46
\BOOKMARK [2][-]{subsection.5.1.2}{Arena map balance}{section.5.1}% 47
\BOOKMARK [2][-]{subsection.5.1.3}{Generic map balance}{section.5.1}% 48
\BOOKMARK [2][-]{subsection.5.1.4}{Corridor map balance}{section.5.1}% 49
\BOOKMARK [1][-]{section.5.2}{Grid-graph map representation}{chapter.5}% 50
\BOOKMARK [2][-]{subsection.5.2.1}{Graph-based map representation: Grid-graph}{section.5.2}% 51
\BOOKMARK [1][-]{section.5.3}{Evolving new maps: Balance and pacing}{chapter.5}% 52
\BOOKMARK [2][-]{subsection.5.3.1}{Common setup}{section.5.3}% 53
\BOOKMARK [2][-]{subsection.5.3.2}{Grid-graph experiment}{section.5.3}% 54
\BOOKMARK [2][-]{subsection.5.3.3}{All-black experiment}{section.5.3}% 55
\BOOKMARK [2][-]{subsection.5.3.4}{Comparision between All-black and Grid-graph results}{section.5.3}% 56
\BOOKMARK [0][-]{chapter.6}{Conclusions and future developments}{}% 57
\BOOKMARK [1][-]{section.6.1}{Known issues and possible criticism}{chapter.6}% 58
\BOOKMARK [0][-]{chapter*.121}{Bibliography}{}% 59
\BOOKMARK [0][-]{appendix.A}{Appendix A}{}% 60
\BOOKMARK [1][-]{section.A.1}{Behavior trees syntax}{appendix.A}% 61
