This is pdfTeX, Version 3.141592653-2.6-1.40.26 (TeX Live 2024) (preloaded format=pdflatex 2024.9.11)  26 OCT 2024 20:32
entering extended mode
 restricted \write18 enabled.
 file:line:error style messages enabled.
 %&-line parsing enabled.
**"c:/Users/Simone/Desktop/ProjectArena/de Donato/Thesis_classical_format/Thesis.tex"
(c:/Users/Simone/Desktop/ProjectArena/de Donato/Thesis_classical_format/Thesis.tex
LaTeX2e <2024-06-01> patch level 2
L3 programming layer <2024-08-30>
(./Configuration_Files/PoliMi3i_thesis.cls
Document Class: Configuration_Files/PoliMi3i_thesis 2021/6/30 PoliMi3i thesis submission class
(c:/texlive/2024/texmf-dist/tex/latex/base/book.cls
Document Class: book 2024/02/08 v1.4n Standard LaTeX document class
(c:/texlive/2024/texmf-dist/tex/latex/base/bk12.clo
File: bk12.clo 2024/02/08 v1.4n Standard LaTeX file (size option)
)
\c@part=\count194
\c@chapter=\count195
\c@section=\count196
\c@subsection=\count197
\c@subsubsection=\count198
\c@paragraph=\count199
\c@subparagraph=\count266
\c@figure=\count267
\c@table=\count268
\abovecaptionskip=\skip49
\belowcaptionskip=\skip50
\bibindent=\dimen141
) (c:/texlive/2024/texmf-dist/tex/latex/geometry/geometry.sty
Package: geometry 2020/01/02 v5.9 Page Geometry
 (c:/texlive/2024/texmf-dist/tex/latex/graphics/keyval.sty
Package: keyval 2022/05/29 v1.15 key=value parser (DPC)
\KV@toks@=\toks17
) (c:/texlive/2024/texmf-dist/tex/generic/iftex/ifvtex.sty
Package: ifvtex 2019/10/25 v1.7 ifvtex legacy package. Use iftex instead.
 (c:/texlive/2024/texmf-dist/tex/generic/iftex/iftex.sty
Package: iftex 2022/02/03 v1.0f TeX engine tests
))
\Gm@cnth=\count269
\Gm@cntv=\count270
\c@Gm@tempcnt=\count271
\Gm@bindingoffset=\dimen142
\Gm@wd@mp=\dimen143
\Gm@odd@mp=\dimen144
\Gm@even@mp=\dimen145
\Gm@layoutwidth=\dimen146
\Gm@layoutheight=\dimen147
\Gm@layouthoffset=\dimen148
\Gm@layoutvoffset=\dimen149
\Gm@dimlist=\toks18
) (c:/texlive/2024/texmf-dist/tex/latex/caption/caption.sty
Package: caption 2023/08/05 v3.6o Customizing captions (AR)
 (c:/texlive/2024/texmf-dist/tex/latex/caption/caption3.sty
Package: caption3 2023/07/31 v2.4d caption3 kernel (AR)
\caption@tempdima=\dimen150
\captionmargin=\dimen151
\caption@leftmargin=\dimen152
\caption@rightmargin=\dimen153
\caption@width=\dimen154
\caption@indent=\dimen155
\caption@parindent=\dimen156
\caption@hangindent=\dimen157
Package caption Info: Standard document class detected.
)
\c@caption@flags=\count272
\c@continuedfloat=\count273
) (c:/texlive/2024/texmf-dist/tex/latex/xkeyval/xkeyval.sty
Package: xkeyval 2022/06/16 v2.9 package option processing (HA)
 (c:/texlive/2024/texmf-dist/tex/generic/xkeyval/xkeyval.tex (c:/texlive/2024/texmf-dist/tex/generic/xkeyval/xkvutils.tex
\XKV@toks=\toks19
\XKV@tempa@toks=\toks20
)
\XKV@depth=\count274
File: xkeyval.tex 2014/12/03 v2.7a key=value parser (HA)
))) (c:/texlive/2024/texmf-dist/tex/latex/parskip/parskip.sty
Package: parskip 2021-03-14 v2.0h non-zero parskip adjustments
 (c:/texlive/2024/texmf-dist/tex/latex/kvoptions/kvoptions.sty
Package: kvoptions 2022-06-15 v3.15 Key value format for package options (HO)
 (c:/texlive/2024/texmf-dist/tex/generic/ltxcmds/ltxcmds.sty
Package: ltxcmds 2023-12-04 v1.26 LaTeX kernel commands for general use (HO)
) (c:/texlive/2024/texmf-dist/tex/latex/kvsetkeys/kvsetkeys.sty
Package: kvsetkeys 2022-10-05 v1.19 Key value parser (HO)
)) (c:/texlive/2024/texmf-dist/tex/latex/etoolbox/etoolbox.sty
Package: etoolbox 2020/10/05 v2.5k e-TeX tools for LaTeX (JAW)
\etb@tempcnta=\count275
)) (c:/texlive/2024/texmf-dist/tex/latex/setspace/setspace.sty
Package: setspace 2022/12/04 v6.7b set line spacing
) (c:/texlive/2024/texmf-dist/tex/latex/emptypage/emptypage.sty
Package: emptypage 2010/05/30 v1.2 Suppress page numbers and headings on empty pages
) (c:/texlive/2024/texmf-dist/tex/latex/tools/multicol.sty
Package: multicol 2024/05/23 v1.9h multicolumn formatting (FMi)
\c@tracingmulticols=\count276
\mult@box=\box52
\multicol@leftmargin=\dimen158
\c@unbalance=\count277
\c@collectmore=\count278
\doublecol@number=\count279
\multicoltolerance=\count280
\multicolpretolerance=\count281
\full@width=\dimen159
\page@free=\dimen160
\premulticols=\dimen161
\postmulticols=\dimen162
\multicolsep=\skip51
\multicolbaselineskip=\skip52
\partial@page=\box53
\last@line=\box54
\mc@boxedresult=\box55
\maxbalancingoverflow=\dimen163
\mult@rightbox=\box56
\mult@grightbox=\box57
\mult@firstbox=\box58
\mult@gfirstbox=\box59
\@tempa=\box60
\@tempa=\box61
\@tempa=\box62
\@tempa=\box63
\@tempa=\box64
\@tempa=\box65
\@tempa=\box66
\@tempa=\box67
\@tempa=\box68
\@tempa=\box69
\@tempa=\box70
\@tempa=\box71
\@tempa=\box72
\@tempa=\box73
\@tempa=\box74
\@tempa=\box75
\@tempa=\box76
\@tempa=\box77
\@tempa=\box78
\@tempa=\box79
\@tempa=\box80
\@tempa=\box81
\@tempa=\box82
\@tempa=\box83
\@tempa=\box84
\@tempa=\box85
\@tempa=\box86
\@tempa=\box87
\@tempa=\box88
\@tempa=\box89
\@tempa=\box90
\@tempa=\box91
\@tempa=\box92
\@tempa=\box93
\@tempa=\box94
\@tempa=\box95
\c@minrows=\count282
\c@columnbadness=\count283
\c@finalcolumnbadness=\count284
\last@try=\dimen164
\multicolovershoot=\dimen165
\multicolundershoot=\dimen166
\mult@nat@firstbox=\box96
\colbreak@box=\box97
\mc@col@check@num=\count285
) (c:/texlive/2024/texmf-dist/tex/latex/titlesec/titlesec.sty
Package: titlesec 2023/10/27 v2.16 Sectioning titles
\ttl@box=\box98
\beforetitleunit=\skip53
\aftertitleunit=\skip54
\ttl@plus=\dimen167
\ttl@minus=\dimen168
\ttl@toksa=\toks21
\titlewidth=\dimen169
\titlewidthlast=\dimen170
\titlewidthfirst=\dimen171
) (c:/texlive/2024/texmf-dist/tex/latex/graphics/color.sty
Package: color 2024/01/14 v1.3d Standard LaTeX Color (DPC)
 (c:/texlive/2024/texmf-dist/tex/latex/graphics-cfg/color.cfg
File: color.cfg 2016/01/02 v1.6 sample color configuration
)
Package color Info: Driver file: pdftex.def on input line 149.
 (c:/texlive/2024/texmf-dist/tex/latex/graphics-def/pdftex.def
File: pdftex.def 2024/04/13 v1.2c Graphics/color driver for pdftex
) (c:/texlive/2024/texmf-dist/tex/latex/graphics/mathcolor.ltx)) (c:/texlive/2024/texmf-dist/tex/generic/babel/babel.sty
Package: babel 2024/08/29 v24.9 The Babel package
\babel@savecnt=\count286
\U@D=\dimen172
\l@unhyphenated=\language89
 (c:/texlive/2024/texmf-dist/tex/generic/babel/txtbabel.def)
\bbl@readstream=\read2
\bbl@dirlevel=\count287
 (c:/texlive/2024/texmf-dist/tex/generic/babel-english/english.ldf
Language: english 2017/06/06 v3.3r English support from the babel system
Package babel Info: Hyphen rules for 'canadian' set to \l@english
(babel)             (\language0). Reported on input line 102.
Package babel Info: Hyphen rules for 'australian' set to \l@ukenglish
(babel)             (\language23). Reported on input line 105.
Package babel Info: Hyphen rules for 'newzealand' set to \l@ukenglish
(babel)             (\language23). Reported on input line 108.
)) (c:/texlive/2024/texmf-dist/tex/generic/babel/locale/en/babel-english.tex
Package babel Info: Importing font and identification data for english
(babel)             from babel-en.ini. Reported on input line 11.
) (c:/texlive/2024/texmf-dist/tex/latex/base/inputenc.sty
Package: inputenc 2024/02/08 v1.3d Input encoding file
\inpenc@prehook=\toks22
\inpenc@posthook=\toks23
) (c:/texlive/2024/texmf-dist/tex/latex/base/fontenc.sty
Package: fontenc 2021/04/29 v2.0v Standard LaTeX package
) (c:/texlive/2024/texmf-dist/tex/latex/moresize/moresize.sty
Package: moresize 1999/07/26 v1.9 (more font sizes)
) (c:/texlive/2024/texmf-dist/tex/latex/graphics/graphicx.sty
Package: graphicx 2021/09/16 v1.2d Enhanced LaTeX Graphics (DPC,SPQR)
 (c:/texlive/2024/texmf-dist/tex/latex/graphics/graphics.sty
Package: graphics 2024/05/23 v1.4g Standard LaTeX Graphics (DPC,SPQR)
 (c:/texlive/2024/texmf-dist/tex/latex/graphics/trig.sty
Package: trig 2023/12/02 v1.11 sin cos tan (DPC)
) (c:/texlive/2024/texmf-dist/tex/latex/graphics-cfg/graphics.cfg
File: graphics.cfg 2016/06/04 v1.11 sample graphics configuration
)
Package graphics Info: Driver file: pdftex.def on input line 106.
)
\Gin@req@height=\dimen173
\Gin@req@width=\dimen174
) (c:/texlive/2024/texmf-dist/tex/latex/transparent/transparent.sty
Package: transparent 2022-10-27 v1.5 Transparency with color stacks
 (c:/texlive/2024/texmf-dist/tex/latex/transparent/transparent-nometadata.sty
Package: transparent-nometadata 2022-10-27 v1.5 Transparency via pdfTeX's color stack (HO)
 (c:/texlive/2024/texmf-dist/tex/latex/auxhook/auxhook.sty
Package: auxhook 2019-12-17 v1.6 Hooks for auxiliary files (HO)
))) (c:/texlive/2024/texmf-dist/tex/latex/eso-pic/eso-pic.sty
Package: eso-pic 2023/05/03 v3.0c eso-pic (RN)
\ESO@tempdima=\dimen175
\ESO@tempdimb=\dimen176
) (c:/texlive/2024/texmf-dist/tex/latex/subfig/subfig.sty
Package: subfig 2005/06/28 ver: 1.3 subfig package
\c@KVtest=\count288
\sf@farskip=\skip55
\sf@captopadj=\dimen177
\sf@capskip=\skip56
\sf@nearskip=\skip57
\c@subfigure=\count289
\c@subfigure@save=\count290
\c@lofdepth=\count291
\c@subtable=\count292
\c@subtable@save=\count293
\c@lotdepth=\count294
\sf@top=\skip58
\sf@bottom=\skip59
) (c:/texlive/2024/texmf-dist/tex/latex/adjustbox/adjustbox.sty
Package: adjustbox 2022/10/17 v1.3a Adjusting TeX boxes (trim, clip, ...)
 (c:/texlive/2024/texmf-dist/tex/latex/adjustbox/adjcalc.sty
Package: adjcalc 2012/05/16 v1.1 Provides advanced setlength with multiple back-ends (calc, etex, pgfmath)
) (c:/texlive/2024/texmf-dist/tex/latex/adjustbox/trimclip.sty
Package: trimclip 2020/08/19 v1.2 Trim and clip general TeX material
 (c:/texlive/2024/texmf-dist/tex/latex/collectbox/collectbox.sty
Package: collectbox 2022/10/17 v0.4c Collect macro arguments as boxes
\collectedbox=\box99
)
\tc@llx=\dimen178
\tc@lly=\dimen179
\tc@urx=\dimen180
\tc@ury=\dimen181
Package trimclip Info: Using driver 'tc-pdftex.def'.
 (c:/texlive/2024/texmf-dist/tex/latex/adjustbox/tc-pdftex.def
File: tc-pdftex.def 2019/01/04 v2.2 Clipping driver for pdftex
))
\adjbox@Width=\dimen182
\adjbox@Height=\dimen183
\adjbox@Depth=\dimen184
\adjbox@Totalheight=\dimen185
\adjbox@pwidth=\dimen186
\adjbox@pheight=\dimen187
\adjbox@pdepth=\dimen188
\adjbox@ptotalheight=\dimen189
 (c:/texlive/2024/texmf-dist/tex/latex/ifoddpage/ifoddpage.sty
Package: ifoddpage 2022/10/18 v1.2 Conditionals for odd/even page detection
\c@checkoddpage=\count295
) (c:/texlive/2024/texmf-dist/tex/latex/varwidth/varwidth.sty
Package: varwidth 2009/03/30 ver 0.92;  Variable-width minipages
\@vwid@box=\box100
\sift@deathcycles=\count296
\@vwid@loff=\dimen190
\@vwid@roff=\dimen191
)) (c:/texlive/2024/texmf-dist/tex/latex/pgf/frontendlayer/tikz.sty (c:/texlive/2024/texmf-dist/tex/latex/pgf/basiclayer/pgf.sty (c:/texlive/2024/texmf-dist/tex/latex/pgf/utilities/pgfrcs.sty (c:/texlive/2024/texmf-dist/tex/generic/pgf/utilities/pgfutil-common.tex
\pgfutil@everybye=\toks24
\pgfutil@tempdima=\dimen192
\pgfutil@tempdimb=\dimen193
) (c:/texlive/2024/texmf-dist/tex/generic/pgf/utilities/pgfutil-latex.def
\pgfutil@abb=\box101
) (c:/texlive/2024/texmf-dist/tex/generic/pgf/utilities/pgfrcs.code.tex (c:/texlive/2024/texmf-dist/tex/generic/pgf/pgf.revision.tex)
Package: pgfrcs 2023-01-15 v3.1.10 (3.1.10)
))
Package: pgf 2023-01-15 v3.1.10 (3.1.10)
 (c:/texlive/2024/texmf-dist/tex/latex/pgf/basiclayer/pgfcore.sty (c:/texlive/2024/texmf-dist/tex/latex/pgf/systemlayer/pgfsys.sty (c:/texlive/2024/texmf-dist/tex/generic/pgf/systemlayer/pgfsys.code.tex
Package: pgfsys 2023-01-15 v3.1.10 (3.1.10)
 (c:/texlive/2024/texmf-dist/tex/generic/pgf/utilities/pgfkeys.code.tex
\pgfkeys@pathtoks=\toks25
\pgfkeys@temptoks=\toks26
 (c:/texlive/2024/texmf-dist/tex/generic/pgf/utilities/pgfkeyslibraryfiltered.code.tex
\pgfkeys@tmptoks=\toks27
))
\pgf@x=\dimen194
\pgf@y=\dimen195
\pgf@xa=\dimen196
\pgf@ya=\dimen197
\pgf@xb=\dimen198
\pgf@yb=\dimen199
\pgf@xc=\dimen256
\pgf@yc=\dimen257
\pgf@xd=\dimen258
\pgf@yd=\dimen259
\w@pgf@writea=\write3
\r@pgf@reada=\read3
\c@pgf@counta=\count297
\c@pgf@countb=\count298
\c@pgf@countc=\count299
\c@pgf@countd=\count300
\t@pgf@toka=\toks28
\t@pgf@tokb=\toks29
\t@pgf@tokc=\toks30
\pgf@sys@id@count=\count301
 (c:/texlive/2024/texmf-dist/tex/generic/pgf/systemlayer/pgf.cfg
File: pgf.cfg 2023-01-15 v3.1.10 (3.1.10)
)
Driver file for pgf: pgfsys-pdftex.def
 (c:/texlive/2024/texmf-dist/tex/generic/pgf/systemlayer/pgfsys-pdftex.def
File: pgfsys-pdftex.def 2023-01-15 v3.1.10 (3.1.10)
 (c:/texlive/2024/texmf-dist/tex/generic/pgf/systemlayer/pgfsys-common-pdf.def
File: pgfsys-common-pdf.def 2023-01-15 v3.1.10 (3.1.10)
))) (c:/texlive/2024/texmf-dist/tex/generic/pgf/systemlayer/pgfsyssoftpath.code.tex
File: pgfsyssoftpath.code.tex 2023-01-15 v3.1.10 (3.1.10)
\pgfsyssoftpath@smallbuffer@items=\count302
\pgfsyssoftpath@bigbuffer@items=\count303
) (c:/texlive/2024/texmf-dist/tex/generic/pgf/systemlayer/pgfsysprotocol.code.tex
File: pgfsysprotocol.code.tex 2023-01-15 v3.1.10 (3.1.10)
)) (c:/texlive/2024/texmf-dist/tex/latex/xcolor/xcolor.sty
Package: xcolor 2023/11/15 v3.01 LaTeX color extensions (UK)
 (c:/texlive/2024/texmf-dist/tex/latex/graphics-cfg/color.cfg
File: color.cfg 2016/01/02 v1.6 sample color configuration
)
Package xcolor Info: Driver file: pdftex.def on input line 274.
LaTeX Info: Redefining \color on input line 758.
 (c:/texlive/2024/texmf-dist/tex/latex/graphics/mathcolor.ltx)
Package xcolor Info: Model `cmy' substituted by `cmy0' on input line 1350.
Package xcolor Info: Model `hsb' substituted by `rgb' on input line 1354.
Package xcolor Info: Model `RGB' extended on input line 1366.
Package xcolor Info: Model `HTML' substituted by `rgb' on input line 1368.
Package xcolor Info: Model `Hsb' substituted by `hsb' on input line 1369.
Package xcolor Info: Model `tHsb' substituted by `hsb' on input line 1370.
Package xcolor Info: Model `HSB' substituted by `hsb' on input line 1371.
Package xcolor Info: Model `Gray' substituted by `gray' on input line 1372.
Package xcolor Info: Model `wave' substituted by `hsb' on input line 1373.
) (c:/texlive/2024/texmf-dist/tex/generic/pgf/basiclayer/pgfcore.code.tex
Package: pgfcore 2023-01-15 v3.1.10 (3.1.10)
 (c:/texlive/2024/texmf-dist/tex/generic/pgf/math/pgfmath.code.tex (c:/texlive/2024/texmf-dist/tex/generic/pgf/math/pgfmathutil.code.tex) (c:/texlive/2024/texmf-dist/tex/generic/pgf/math/pgfmathparser.code.tex
\pgfmath@dimen=\dimen260
\pgfmath@count=\count304
\pgfmath@box=\box102
\pgfmath@toks=\toks31
\pgfmath@stack@operand=\toks32
\pgfmath@stack@operation=\toks33
) (c:/texlive/2024/texmf-dist/tex/generic/pgf/math/pgfmathfunctions.code.tex) (c:/texlive/2024/texmf-dist/tex/generic/pgf/math/pgfmathfunctions.basic.code.tex) (c:/texlive/2024/texmf-dist/tex/generic/pgf/math/pgfmathfunctions.trigonometric.code.tex) (c:/texlive/2024/texmf-dist/tex/generic/pgf/math/pgfmathfunctions.random.code.tex) (c:/texlive/2024/texmf-dist/tex/generic/pgf/math/pgfmathfunctions.comparison.code.tex) (c:/texlive/2024/texmf-dist/tex/generic/pgf/math/pgfmathfunctions.base.code.tex) (c:/texlive/2024/texmf-dist/tex/generic/pgf/math/pgfmathfunctions.round.code.tex) (c:/texlive/2024/texmf-dist/tex/generic/pgf/math/pgfmathfunctions.misc.code.tex) (c:/texlive/2024/texmf-dist/tex/generic/pgf/math/pgfmathfunctions.integerarithmetics.code.tex) (c:/texlive/2024/texmf-dist/tex/generic/pgf/math/pgfmathcalc.code.tex) (c:/texlive/2024/texmf-dist/tex/generic/pgf/math/pgfmathfloat.code.tex
\c@pgfmathroundto@lastzeros=\count305
)) (c:/texlive/2024/texmf-dist/tex/generic/pgf/math/pgfint.code.tex) (c:/texlive/2024/texmf-dist/tex/generic/pgf/basiclayer/pgfcorepoints.code.tex
File: pgfcorepoints.code.tex 2023-01-15 v3.1.10 (3.1.10)
\pgf@picminx=\dimen261
\pgf@picmaxx=\dimen262
\pgf@picminy=\dimen263
\pgf@picmaxy=\dimen264
\pgf@pathminx=\dimen265
\pgf@pathmaxx=\dimen266
\pgf@pathminy=\dimen267
\pgf@pathmaxy=\dimen268
\pgf@xx=\dimen269
\pgf@xy=\dimen270
\pgf@yx=\dimen271
\pgf@yy=\dimen272
\pgf@zx=\dimen273
\pgf@zy=\dimen274
) (c:/texlive/2024/texmf-dist/tex/generic/pgf/basiclayer/pgfcorepathconstruct.code.tex
File: pgfcorepathconstruct.code.tex 2023-01-15 v3.1.10 (3.1.10)
\pgf@path@lastx=\dimen275
\pgf@path@lasty=\dimen276
) (c:/texlive/2024/texmf-dist/tex/generic/pgf/basiclayer/pgfcorepathusage.code.tex
File: pgfcorepathusage.code.tex 2023-01-15 v3.1.10 (3.1.10)
\pgf@shorten@end@additional=\dimen277
\pgf@shorten@start@additional=\dimen278
) (c:/texlive/2024/texmf-dist/tex/generic/pgf/basiclayer/pgfcorescopes.code.tex
File: pgfcorescopes.code.tex 2023-01-15 v3.1.10 (3.1.10)
\pgfpic=\box103
\pgf@hbox=\box104
\pgf@layerbox@main=\box105
\pgf@picture@serial@count=\count306
) (c:/texlive/2024/texmf-dist/tex/generic/pgf/basiclayer/pgfcoregraphicstate.code.tex
File: pgfcoregraphicstate.code.tex 2023-01-15 v3.1.10 (3.1.10)
\pgflinewidth=\dimen279
) (c:/texlive/2024/texmf-dist/tex/generic/pgf/basiclayer/pgfcoretransformations.code.tex
File: pgfcoretransformations.code.tex 2023-01-15 v3.1.10 (3.1.10)
\pgf@pt@x=\dimen280
\pgf@pt@y=\dimen281
\pgf@pt@temp=\dimen282
) (c:/texlive/2024/texmf-dist/tex/generic/pgf/basiclayer/pgfcorequick.code.tex
File: pgfcorequick.code.tex 2023-01-15 v3.1.10 (3.1.10)
) (c:/texlive/2024/texmf-dist/tex/generic/pgf/basiclayer/pgfcoreobjects.code.tex
File: pgfcoreobjects.code.tex 2023-01-15 v3.1.10 (3.1.10)
) (c:/texlive/2024/texmf-dist/tex/generic/pgf/basiclayer/pgfcorepathprocessing.code.tex
File: pgfcorepathprocessing.code.tex 2023-01-15 v3.1.10 (3.1.10)
) (c:/texlive/2024/texmf-dist/tex/generic/pgf/basiclayer/pgfcorearrows.code.tex
File: pgfcorearrows.code.tex 2023-01-15 v3.1.10 (3.1.10)
\pgfarrowsep=\dimen283
) (c:/texlive/2024/texmf-dist/tex/generic/pgf/basiclayer/pgfcoreshade.code.tex
File: pgfcoreshade.code.tex 2023-01-15 v3.1.10 (3.1.10)
\pgf@max=\dimen284
\pgf@sys@shading@range@num=\count307
\pgf@shadingcount=\count308
) (c:/texlive/2024/texmf-dist/tex/generic/pgf/basiclayer/pgfcoreimage.code.tex
File: pgfcoreimage.code.tex 2023-01-15 v3.1.10 (3.1.10)
) (c:/texlive/2024/texmf-dist/tex/generic/pgf/basiclayer/pgfcoreexternal.code.tex
File: pgfcoreexternal.code.tex 2023-01-15 v3.1.10 (3.1.10)
\pgfexternal@startupbox=\box106
) (c:/texlive/2024/texmf-dist/tex/generic/pgf/basiclayer/pgfcorelayers.code.tex
File: pgfcorelayers.code.tex 2023-01-15 v3.1.10 (3.1.10)
) (c:/texlive/2024/texmf-dist/tex/generic/pgf/basiclayer/pgfcoretransparency.code.tex
File: pgfcoretransparency.code.tex 2023-01-15 v3.1.10 (3.1.10)
) (c:/texlive/2024/texmf-dist/tex/generic/pgf/basiclayer/pgfcorepatterns.code.tex
File: pgfcorepatterns.code.tex 2023-01-15 v3.1.10 (3.1.10)
) (c:/texlive/2024/texmf-dist/tex/generic/pgf/basiclayer/pgfcorerdf.code.tex
File: pgfcorerdf.code.tex 2023-01-15 v3.1.10 (3.1.10)
))) (c:/texlive/2024/texmf-dist/tex/generic/pgf/modules/pgfmoduleshapes.code.tex
File: pgfmoduleshapes.code.tex 2023-01-15 v3.1.10 (3.1.10)
\pgfnodeparttextbox=\box107
) (c:/texlive/2024/texmf-dist/tex/generic/pgf/modules/pgfmoduleplot.code.tex
File: pgfmoduleplot.code.tex 2023-01-15 v3.1.10 (3.1.10)
) (c:/texlive/2024/texmf-dist/tex/latex/pgf/compatibility/pgfcomp-version-0-65.sty
Package: pgfcomp-version-0-65 2023-01-15 v3.1.10 (3.1.10)
\pgf@nodesepstart=\dimen285
\pgf@nodesepend=\dimen286
) (c:/texlive/2024/texmf-dist/tex/latex/pgf/compatibility/pgfcomp-version-1-18.sty
Package: pgfcomp-version-1-18 2023-01-15 v3.1.10 (3.1.10)
)) (c:/texlive/2024/texmf-dist/tex/latex/pgf/utilities/pgffor.sty (c:/texlive/2024/texmf-dist/tex/latex/pgf/utilities/pgfkeys.sty (c:/texlive/2024/texmf-dist/tex/generic/pgf/utilities/pgfkeys.code.tex)) (c:/texlive/2024/texmf-dist/tex/latex/pgf/math/pgfmath.sty (c:/texlive/2024/texmf-dist/tex/generic/pgf/math/pgfmath.code.tex)) (c:/texlive/2024/texmf-dist/tex/generic/pgf/utilities/pgffor.code.tex
Package: pgffor 2023-01-15 v3.1.10 (3.1.10)
\pgffor@iter=\dimen287
\pgffor@skip=\dimen288
\pgffor@stack=\toks34
\pgffor@toks=\toks35
)) (c:/texlive/2024/texmf-dist/tex/generic/pgf/frontendlayer/tikz/tikz.code.tex
Package: tikz 2023-01-15 v3.1.10 (3.1.10)
 (c:/texlive/2024/texmf-dist/tex/generic/pgf/libraries/pgflibraryplothandlers.code.tex
File: pgflibraryplothandlers.code.tex 2023-01-15 v3.1.10 (3.1.10)
\pgf@plot@mark@count=\count309
\pgfplotmarksize=\dimen289
)
\tikz@lastx=\dimen290
\tikz@lasty=\dimen291
\tikz@lastxsaved=\dimen292
\tikz@lastysaved=\dimen293
\tikz@lastmovetox=\dimen294
\tikz@lastmovetoy=\dimen295
\tikzleveldistance=\dimen296
\tikzsiblingdistance=\dimen297
\tikz@figbox=\box108
\tikz@figbox@bg=\box109
\tikz@tempbox=\box110
\tikz@tempbox@bg=\box111
\tikztreelevel=\count310
\tikznumberofchildren=\count311
\tikznumberofcurrentchild=\count312
\tikz@fig@count=\count313
 (c:/texlive/2024/texmf-dist/tex/generic/pgf/modules/pgfmodulematrix.code.tex
File: pgfmodulematrix.code.tex 2023-01-15 v3.1.10 (3.1.10)
\pgfmatrixcurrentrow=\count314
\pgfmatrixcurrentcolumn=\count315
\pgf@matrix@numberofcolumns=\count316
)
\tikz@expandcount=\count317
 (c:/texlive/2024/texmf-dist/tex/generic/pgf/frontendlayer/tikz/libraries/tikzlibrarytopaths.code.tex
File: tikzlibrarytopaths.code.tex 2023-01-15 v3.1.10 (3.1.10)
))) (c:/texlive/2024/texmf-dist/tex/latex/amscls/amsthm.sty
Package: amsthm 2020/05/29 v2.20.6
\thm@style=\toks36
\thm@bodyfont=\toks37
\thm@headfont=\toks38
\thm@notefont=\toks39
\thm@headpunct=\toks40
\thm@preskip=\skip60
\thm@postskip=\skip61
\thm@headsep=\skip62
\dth@everypar=\toks41
) (c:/texlive/2024/texmf-dist/tex/latex/thmtools/thmtools.sty
Package: thmtools 2023/05/04 v0.76
\thmt@toks=\toks42
\c@thmt@dummyctr=\count318
 (c:/texlive/2024/texmf-dist/tex/latex/thmtools/thm-patch.sty
Package: thm-patch 2023/05/04 v0.76
 (c:/texlive/2024/texmf-dist/tex/latex/thmtools/parseargs.sty
Package: parseargs 2023/05/04 v0.76
\@parsespec=\toks43
)) (c:/texlive/2024/texmf-dist/tex/latex/thmtools/thm-kv.sty
Package: thm-kv 2023/05/04 v0.76
Package thm-kv Info: Theorem names will be uppercased on input line 42.
Package thm-kv Info: kvsetkeys patch (v1.16 or later) on input line 158.
) (c:/texlive/2024/texmf-dist/tex/latex/thmtools/thm-autoref.sty
Package: thm-autoref 2023/05/04 v0.76
 (c:/texlive/2024/texmf-dist/tex/latex/thmtools/aliasctr.sty
Package: aliasctr 2023/05/04 v0.76
)) (c:/texlive/2024/texmf-dist/tex/latex/thmtools/thm-listof.sty
Package: thm-listof 2023/05/04 v0.76
) (c:/texlive/2024/texmf-dist/tex/latex/thmtools/thm-restate.sty
Package: thm-restate 2023/05/04 v0.76
) (c:/texlive/2024/texmf-dist/tex/latex/thmtools/thm-amsthm.sty
Package: thm-amsthm 2023/05/04 v0.76
\thmt@style@headstyle=\toks44
)) (c:/texlive/2024/texmf-dist/tex/latex/float/float.sty
Package: float 2001/11/08 v1.3d Float enhancements (AL)
\c@float@type=\count319
\float@exts=\toks45
\float@box=\box112
\@float@everytoks=\toks46
\@floatcapt=\box113
) (c:/texlive/2024/texmf-dist/tex/latex/placeins/placeins.sty
Package: placeins 2005/04/18  v 2.2
) (c:/texlive/2024/texmf-dist/tex/latex/amsmath/amsmath.sty
Package: amsmath 2024/05/23 v2.17q AMS math features
\@mathmargin=\skip63

For additional information on amsmath, use the `?' option.
(c:/texlive/2024/texmf-dist/tex/latex/amsmath/amstext.sty
Package: amstext 2021/08/26 v2.01 AMS text
 (c:/texlive/2024/texmf-dist/tex/latex/amsmath/amsgen.sty
File: amsgen.sty 1999/11/30 v2.0 generic functions
\@emptytoks=\toks47
\ex@=\dimen298
)) (c:/texlive/2024/texmf-dist/tex/latex/amsmath/amsbsy.sty
Package: amsbsy 1999/11/29 v1.2d Bold Symbols
\pmbraise@=\dimen299
) (c:/texlive/2024/texmf-dist/tex/latex/amsmath/amsopn.sty
Package: amsopn 2022/04/08 v2.04 operator names
)
\inf@bad=\count320
LaTeX Info: Redefining \frac on input line 233.
\uproot@=\count321
\leftroot@=\count322
LaTeX Info: Redefining \overline on input line 398.
LaTeX Info: Redefining \colon on input line 409.
\classnum@=\count323
\DOTSCASE@=\count324
LaTeX Info: Redefining \ldots on input line 495.
LaTeX Info: Redefining \dots on input line 498.
LaTeX Info: Redefining \cdots on input line 619.
\Mathstrutbox@=\box114
\strutbox@=\box115
LaTeX Info: Redefining \big on input line 721.
LaTeX Info: Redefining \Big on input line 722.
LaTeX Info: Redefining \bigg on input line 723.
LaTeX Info: Redefining \Bigg on input line 724.
\big@size=\dimen300
LaTeX Font Info:    Redeclaring font encoding OML on input line 742.
LaTeX Font Info:    Redeclaring font encoding OMS on input line 743.
\macc@depth=\count325
LaTeX Info: Redefining \bmod on input line 904.
LaTeX Info: Redefining \pmod on input line 909.
LaTeX Info: Redefining \smash on input line 939.
LaTeX Info: Redefining \relbar on input line 969.
LaTeX Info: Redefining \Relbar on input line 970.
\c@MaxMatrixCols=\count326
\dotsspace@=\muskip17
\c@parentequation=\count327
\dspbrk@lvl=\count328
\tag@help=\toks48
\row@=\count329
\column@=\count330
\maxfields@=\count331
\andhelp@=\toks49
\eqnshift@=\dimen301
\alignsep@=\dimen302
\tagshift@=\dimen303
\tagwidth@=\dimen304
\totwidth@=\dimen305
\lineht@=\dimen306
\@envbody=\toks50
\multlinegap=\skip64
\multlinetaggap=\skip65
\mathdisplay@stack=\toks51
LaTeX Info: Redefining \[ on input line 2953.
LaTeX Info: Redefining \] on input line 2954.
) (c:/texlive/2024/texmf-dist/tex/latex/amsfonts/amssymb.sty
Package: amssymb 2013/01/14 v3.01 AMS font symbols
 (c:/texlive/2024/texmf-dist/tex/latex/amsfonts/amsfonts.sty
Package: amsfonts 2013/01/14 v3.01 Basic AMSFonts support
\symAMSa=\mathgroup4
\symAMSb=\mathgroup5
LaTeX Font Info:    Redeclaring math symbol \hbar on input line 98.
LaTeX Font Info:    Overwriting math alphabet `\mathfrak' in version `bold'
(Font)                  U/euf/m/n --> U/euf/b/n on input line 106.
)) (c:/texlive/2024/texmf-dist/tex/latex/tools/bm.sty
Package: bm 2023/12/19 v1.2f Bold Symbol Support (DPC/FMi)
\symboldoperators=\mathgroup6
\symboldletters=\mathgroup7
\symboldsymbols=\mathgroup8
Package bm Info: No bold for \OMX/cmex/m/n, using \pmb.
Package bm Info: No bold for \U/msa/m/n, using \pmb.
Package bm Info: No bold for \U/msb/m/n, using \pmb.
LaTeX Font Info:    Redeclaring math alphabet \mathbf on input line 149.
) (c:/texlive/2024/texmf-dist/tex/latex/mathtools/empheq.sty
Package: empheq 2017/03/31 v2.15 Emphasizing equations
 (c:/texlive/2024/texmf-dist/tex/latex/mathtools/mhsetup.sty
Package: mhsetup 2021/03/18 v1.4 programming setup (MH)
) (c:/texlive/2024/texmf-dist/tex/latex/mathtools/mathtools.sty
Package: mathtools 2024/03/11 v1.30 mathematical typesetting tools
 (c:/texlive/2024/texmf-dist/tex/latex/tools/calc.sty
Package: calc 2023/07/08 v4.3 Infix arithmetic (KKT,FJ)
\calc@Acount=\count332
\calc@Bcount=\count333
\calc@Adimen=\dimen307
\calc@Bdimen=\dimen308
\calc@Askip=\skip66
\calc@Bskip=\skip67
LaTeX Info: Redefining \setlength on input line 80.
LaTeX Info: Redefining \addtolength on input line 81.
\calc@Ccount=\count334
\calc@Cskip=\skip68
)
\g_MT_multlinerow_int=\count335
\l_MT_multwidth_dim=\dimen309
\origjot=\skip69
\l_MT_shortvdotswithinadjustabove_dim=\dimen310
\l_MT_shortvdotswithinadjustbelow_dim=\dimen311
\l_MT_above_intertext_sep=\dimen312
\l_MT_below_intertext_sep=\dimen313
\l_MT_above_shortintertext_sep=\dimen314
\l_MT_below_shortintertext_sep=\dimen315
\xmathstrut@box=\box116
\xmathstrut@dim=\dimen316
)
\l_EQ_equationtype_int=\count336
\l_EQ_alignmentmode_int=\count337
\l_EQ_totalwidth_dim=\dimen317
\l_EQ_displaywidth_dim=\dimen318
\l_EQ_temp_linewidth_dim=\dimen319
\l_EQ_linewidth_dim=\dimen320
\EmphEqdelimitershortfall=\dimen321
\EmphEqdelimiterfactor=\count338
\g_EQ_toptag_height_dim=\dimen322
\g_EQ_bottomtag_depth_dim=\dimen323
\g_EQ_toprow_height_dim=\dimen324
\g_EQ_bottomrow_depth_dim=\dimen325
\g_EQ_widesttag_dim=\dimen326
\EQ_mathdisplay_box=\box117
\EQ_tag_box=\box118
\g_EQ_temprow_int=\count339
) (c:/texlive/2024/texmf-dist/tex/latex/base/fix-cm.sty
Package: fix-cm 2020/11/24 v1.1t fixes to LaTeX
 (c:/texlive/2024/texmf-dist/tex/latex/base/ts1enc.def
File: ts1enc.def 2001/06/05 v3.0e (jk/car/fm) Standard LaTeX file
LaTeX Font Info:    Redeclaring font encoding TS1 on input line 47.
)) (c:/texlive/2024/texmf-dist/tex/latex/tools/tabularx.sty
Package: tabularx 2023/12/11 v2.12a `tabularx' package (DPC)
 (c:/texlive/2024/texmf-dist/tex/latex/tools/array.sty
Package: array 2024/06/14 v2.6d Tabular extension package (FMi)
\col@sep=\dimen327
\ar@mcellbox=\box119
\extrarowheight=\dimen328
\NC@list=\toks52
\extratabsurround=\skip70
\backup@length=\skip71
\ar@cellbox=\box120
)
\TX@col@width=\dimen329
\TX@old@table=\dimen330
\TX@old@col=\dimen331
\TX@target=\dimen332
\TX@delta=\dimen333
\TX@cols=\count340
\TX@ftn=\toks53
) (c:/texlive/2024/texmf-dist/tex/latex/tools/longtable.sty
Package: longtable 2024-04-26 v4.20 Multi-page Table package (DPC)
\LTleft=\skip72
\LTright=\skip73
\LTpre=\skip74
\LTpost=\skip75
\LTchunksize=\count341
\LTcapwidth=\dimen334
\LT@head=\box121
\LT@firsthead=\box122
\LT@foot=\box123
\LT@lastfoot=\box124
\LT@gbox=\box125
\LT@cols=\count342
\LT@rows=\count343
\c@LT@tables=\count344
\c@LT@chunks=\count345
\LT@p@ftn=\toks54
) (c:/texlive/2024/texmf-dist/tex/latex/colortbl/colortbl.sty
Package: colortbl 2024/07/06 v1.0i Color table columns (DPC)
\everycr=\toks55
\minrowclearance=\skip76
\rownum=\count346
) (c:/texlive/2024/texmf-dist/tex/latex/algorithms/algorithm.sty
Package: algorithm 2009/08/24 v0.1 Document Style `algorithm' - floating environment
 (c:/texlive/2024/texmf-dist/tex/latex/base/ifthen.sty
Package: ifthen 2024/03/16 v1.1e Standard LaTeX ifthen package (DPC)
)
\@float@every@algorithm=\toks56
\c@algorithm=\count347
) (c:/texlive/2024/texmf-dist/tex/latex/algorithms/algorithmic.sty
Package: algorithmic 2009/08/24 v0.1 Document Style `algorithmic'
\c@ALC@unique=\count348
\c@ALC@line=\count349
\c@ALC@rem=\count350
\c@ALC@depth=\count351
\ALC@tlm=\skip77
\algorithmicindent=\skip78
) (c:/texlive/2024/texmf-dist/tex/latex/hyperref/hyperref.sty
Package: hyperref 2024-07-10 v7.01j Hypertext links for LaTeX
 (c:/texlive/2024/texmf-dist/tex/generic/kvdefinekeys/kvdefinekeys.sty
Package: kvdefinekeys 2019-12-19 v1.6 Define keys (HO)
) (c:/texlive/2024/texmf-dist/tex/generic/pdfescape/pdfescape.sty
Package: pdfescape 2019/12/09 v1.15 Implements pdfTeX's escape features (HO)
 (c:/texlive/2024/texmf-dist/tex/generic/pdftexcmds/pdftexcmds.sty
Package: pdftexcmds 2020-06-27 v0.33 Utility functions of pdfTeX for LuaTeX (HO)
 (c:/texlive/2024/texmf-dist/tex/generic/infwarerr/infwarerr.sty
Package: infwarerr 2019/12/03 v1.5 Providing info/warning/error messages (HO)
)
Package pdftexcmds Info: \pdf@primitive is available.
Package pdftexcmds Info: \pdf@ifprimitive is available.
Package pdftexcmds Info: \pdfdraftmode found.
)) (c:/texlive/2024/texmf-dist/tex/latex/hycolor/hycolor.sty
Package: hycolor 2020-01-27 v1.10 Color options for hyperref/bookmark (HO)
) (c:/texlive/2024/texmf-dist/tex/latex/hyperref/nameref.sty
Package: nameref 2023-11-26 v2.56 Cross-referencing by name of section
 (c:/texlive/2024/texmf-dist/tex/latex/refcount/refcount.sty
Package: refcount 2019/12/15 v3.6 Data extraction from label references (HO)
) (c:/texlive/2024/texmf-dist/tex/generic/gettitlestring/gettitlestring.sty
Package: gettitlestring 2019/12/15 v1.6 Cleanup title references (HO)
)
\c@section@level=\count352
) (c:/texlive/2024/texmf-dist/tex/generic/stringenc/stringenc.sty
Package: stringenc 2019/11/29 v1.12 Convert strings between diff. encodings (HO)
)
\@linkdim=\dimen335
\Hy@linkcounter=\count353
\Hy@pagecounter=\count354
 (c:/texlive/2024/texmf-dist/tex/latex/hyperref/pd1enc.def
File: pd1enc.def 2024-07-10 v7.01j Hyperref: PDFDocEncoding definition (HO)
Now handling font encoding PD1 ...
... no UTF-8 mapping file for font encoding PD1
) (c:/texlive/2024/texmf-dist/tex/generic/intcalc/intcalc.sty
Package: intcalc 2019/12/15 v1.3 Expandable calculations with integers (HO)
)
\Hy@SavedSpaceFactor=\count355
 (c:/texlive/2024/texmf-dist/tex/latex/hyperref/puenc.def
File: puenc.def 2024-07-10 v7.01j Hyperref: PDF Unicode definition (HO)
Now handling font encoding PU ...
... no UTF-8 mapping file for font encoding PU
)
Package hyperref Info: Option `colorlinks' set `true' on input line 4040.
Package hyperref Info: Hyper figures OFF on input line 4157.
Package hyperref Info: Link nesting OFF on input line 4162.
Package hyperref Info: Hyper index ON on input line 4165.
Package hyperref Info: Plain pages OFF on input line 4172.
Package hyperref Info: Backreferencing OFF on input line 4177.
Package hyperref Info: Implicit mode ON; LaTeX internals redefined.
Package hyperref Info: Bookmarks ON on input line 4424.
\c@Hy@tempcnt=\count356
 (c:/texlive/2024/texmf-dist/tex/latex/url/url.sty
\Urlmuskip=\muskip18
Package: url 2013/09/16  ver 3.4  Verb mode for urls, etc.
)
LaTeX Info: Redefining \url on input line 4763.
\XeTeXLinkMargin=\dimen336
 (c:/texlive/2024/texmf-dist/tex/generic/bitset/bitset.sty
Package: bitset 2019/12/09 v1.3 Handle bit-vector datatype (HO)
 (c:/texlive/2024/texmf-dist/tex/generic/bigintcalc/bigintcalc.sty
Package: bigintcalc 2019/12/15 v1.5 Expandable calculations on big integers (HO)
))
\Fld@menulength=\count357
\Field@Width=\dimen337
\Fld@charsize=\dimen338
Package hyperref Info: Hyper figures OFF on input line 6042.
Package hyperref Info: Link nesting OFF on input line 6047.
Package hyperref Info: Hyper index ON on input line 6050.
Package hyperref Info: backreferencing OFF on input line 6057.
Package hyperref Info: Link coloring ON on input line 6060.
Package hyperref Info: Link coloring with OCG OFF on input line 6067.
Package hyperref Info: PDF/A mode OFF on input line 6072.
 (c:/texlive/2024/texmf-dist/tex/latex/base/atbegshi-ltx.sty
Package: atbegshi-ltx 2021/01/10 v1.0c Emulation of the original atbegshi
package with kernel methods
)
\Hy@abspage=\count358
\c@Item=\count359
\c@Hfootnote=\count360
)
Package hyperref Info: Driver (autodetected): hpdftex.
 (c:/texlive/2024/texmf-dist/tex/latex/hyperref/hpdftex.def
File: hpdftex.def 2024-07-10 v7.01j Hyperref driver for pdfTeX
 (c:/texlive/2024/texmf-dist/tex/latex/base/atveryend-ltx.sty
Package: atveryend-ltx 2020/08/19 v1.0a Emulation of the original atveryend package
with kernel methods
)
\Fld@listcount=\count361
\c@bookmark@seq@number=\count362
 (c:/texlive/2024/texmf-dist/tex/latex/rerunfilecheck/rerunfilecheck.sty
Package: rerunfilecheck 2022-07-10 v1.10 Rerun checks for auxiliary files (HO)
 (c:/texlive/2024/texmf-dist/tex/generic/uniquecounter/uniquecounter.sty
Package: uniquecounter 2019/12/15 v1.4 Provide unlimited unique counter (HO)
)
Package uniquecounter Info: New unique counter `rerunfilecheck' on input line 285.
)
\Hy@SectionHShift=\skip79
) (c:/texlive/2024/texmf-dist/tex/latex/cleveref/cleveref.sty
Package: cleveref 2018/03/27 v0.21.4 Intelligent cross-referencing
Package cleveref Info: `hyperref' support loaded on input line 2370.
LaTeX Info: Redefining \cref on input line 2370.
LaTeX Info: Redefining \Cref on input line 2370.
LaTeX Info: Redefining \crefrange on input line 2370.
LaTeX Info: Redefining \Crefrange on input line 2370.
LaTeX Info: Redefining \cpageref on input line 2370.
LaTeX Info: Redefining \Cpageref on input line 2370.
LaTeX Info: Redefining \cpagerefrange on input line 2370.
LaTeX Info: Redefining \Cpagerefrange on input line 2370.
LaTeX Info: Redefining \labelcref on input line 2370.
LaTeX Info: Redefining \labelcpageref on input line 2370.
Package cleveref Info: `amsthm' support loaded on input line 3026.
Package cleveref Info: `subfig' support loaded on input line 3164.
) (c:/texlive/2024/texmf-dist/tex/latex/natbib/natbib.sty
Package: natbib 2010/09/13 8.31b (PWD, AO)
\bibhang=\skip80
\bibsep=\skip81
LaTeX Info: Redefining \cite on input line 694.
\c@NAT@ctr=\count363
) (c:/texlive/2024/texmf-dist/tex/latex/pdfpages/pdfpages.sty
Package: pdfpages 2024/08/20 v0.6b Insert pages of external PDF documents (AM)
\AM@pagewidth=\dimen339
\AM@pageheight=\dimen340
\AM@fboxrule=\dimen341
 (c:/texlive/2024/texmf-dist/tex/latex/pdfpages/pppdftex.def
File: pppdftex.def 2024/08/20 v0.6b Pdfpages driver for pdfTeX (AM)
)
\pdfpages@includegraphics@status=\count364
\AM@pagebox=\box126
\AM@global@opts=\toks57
\AM@pagecnt=\count365
\AM@toc@title=\toks58
\AM@lof@heading=\toks59
\c@AM@survey=\count366
\AM@templatesizebox=\box127
) (c:/texlive/2024/texmf-dist/tex/latex/tools/afterpage.sty
Package: afterpage 2023/07/04 v1.08 After-Page Package (DPC)
\AP@output=\toks60
\AP@partial=\box128
\AP@footins=\box129
) (c:/texlive/2024/texmf-dist/tex/latex/lipsum/lipsum.sty (c:/texlive/2024/texmf-dist/tex/latex/l3packages/l3keys2e/l3keys2e.sty (c:/texlive/2024/texmf-dist/tex/latex/l3kernel/expl3.sty
Package: expl3 2024-08-30 L3 programming layer (loader) 
 (c:/texlive/2024/texmf-dist/tex/latex/l3backend/l3backend-pdftex.def
File: l3backend-pdftex.def 2024-05-08 L3 backend support: PDF output (pdfTeX)
\l__color_backend_stack_int=\count367
\l__pdf_internal_box=\box130
))
Package: l3keys2e 2024-08-16 LaTeX2e option processing using LaTeX3 keys
)
Package: lipsum 2021-09-20 v2.7 150 paragraphs of Lorem Ipsum dummy text
\g__lipsum_par_int=\count368
\l__lipsum_a_int=\count369
\l__lipsum_b_int=\count370
 (c:/texlive/2024/texmf-dist/tex/latex/lipsum/lipsum.ltd.tex)) (c:/texlive/2024/texmf-dist/tex/latex/fancyhdr/fancyhdr.sty
Package: fancyhdr 2024/07/23 v4.3.1 Extensive control of page headers and footers
\f@nch@headwidth=\skip82
\f@nch@O@elh=\skip83
\f@nch@O@erh=\skip84
\f@nch@O@olh=\skip85
\f@nch@O@orh=\skip86
\f@nch@O@elf=\skip87
\f@nch@O@erf=\skip88
\f@nch@O@olf=\skip89
\f@nch@O@orf=\skip90
) (./Configuration_Files/config.tex
\c@theorem=\count371
\c@proposition=\count372
\c@algsubstate=\count373
) (./Thesis.aux)
\openout1 = `Thesis.aux'.

LaTeX Font Info:    Checking defaults for OML/cmm/m/it on input line 111.
LaTeX Font Info:    ... okay on input line 111.
LaTeX Font Info:    Checking defaults for OMS/cmsy/m/n on input line 111.
LaTeX Font Info:    ... okay on input line 111.
LaTeX Font Info:    Checking defaults for OT1/cmr/m/n on input line 111.
LaTeX Font Info:    ... okay on input line 111.
LaTeX Font Info:    Checking defaults for T1/cmr/m/n on input line 111.
LaTeX Font Info:    ... okay on input line 111.
LaTeX Font Info:    Checking defaults for TS1/cmr/m/n on input line 111.
LaTeX Font Info:    ... okay on input line 111.
LaTeX Font Info:    Checking defaults for OMX/cmex/m/n on input line 111.
LaTeX Font Info:    ... okay on input line 111.
LaTeX Font Info:    Checking defaults for U/cmr/m/n on input line 111.
LaTeX Font Info:    ... okay on input line 111.
LaTeX Font Info:    Checking defaults for PD1/pdf/m/n on input line 111.
LaTeX Font Info:    ... okay on input line 111.
LaTeX Font Info:    Checking defaults for PU/pdf/m/n on input line 111.
LaTeX Font Info:    ... okay on input line 111.

*geometry* driver: auto-detecting
*geometry* detected driver: pdftex
*geometry* verbose mode - [ preamble ] result:
* driver: pdftex
* paper: a4paper
* layout: <same size as paper>
* layoutoffset:(h,v)=(0.0pt,0.0pt)
* modes: includehead twoside 
* h-part:(L,W,R)=(85.35826pt, 455.24411pt, 56.9055pt)
* v-part:(T,H,B)=(71.13188pt, 702.78308pt, 71.13188pt)
* \paperwidth=597.50787pt
* \paperheight=845.04684pt
* \textwidth=455.24411pt
* \textheight=665.83746pt
* \oddsidemargin=13.08827pt
* \evensidemargin=-15.36449pt
* \topmargin=-1.1381pt
* \headheight=17.07182pt
* \headsep=19.8738pt
* \topskip=12.0pt
* \footskip=30.0pt
* \marginparwidth=98.0pt
* \marginparsep=7.0pt
* \columnsep=15.0pt
* \skip\footins=10.8pt plus 4.0pt minus 2.0pt
* \hoffset=0.0pt
* \voffset=0.0pt
* \mag=1000
* \@twocolumnfalse
* \@twosidetrue
* \@mparswitchtrue
* \@reversemarginfalse
* (1in=72.27pt=25.4mm, 1cm=28.453pt)

Package caption Info: Begin \AtBeginDocument code.
Package caption Info: subfig package v1.3 is loaded.
Package caption Info: float package is loaded.
Package caption Info: hyperref package is loaded.
Package caption Info: longtable package is loaded.
(c:/texlive/2024/texmf-dist/tex/latex/caption/ltcaption.sty
Package: ltcaption 2021/01/08 v1.4c longtable captions (AR)
)
Package caption Info: End \AtBeginDocument code.
 (c:/texlive/2024/texmf-dist/tex/context/base/mkii/supp-pdf.mkii
[Loading MPS to PDF converter (version 2006.09.02).]
\scratchcounter=\count374
\scratchdimen=\dimen342
\scratchbox=\box131
\nofMPsegments=\count375
\nofMParguments=\count376
\everyMPshowfont=\toks61
\MPscratchCnt=\count377
\MPscratchDim=\dimen343
\MPnumerator=\count378
\makeMPintoPDFobject=\count379
\everyMPtoPDFconversion=\toks62
) (c:/texlive/2024/texmf-dist/tex/latex/epstopdf-pkg/epstopdf-base.sty
Package: epstopdf-base 2020-01-24 v2.11 Base part for package epstopdf
Package epstopdf-base Info: Redefining graphics rule for `.eps' on input line 485.
 (c:/texlive/2024/texmf-dist/tex/latex/latexconfig/epstopdf-sys.cfg
File: epstopdf-sys.cfg 2010/07/13 v1.3 Configuration of (r)epstopdf for TeX Live
))
LaTeX Info: Redefining \[ on input line 111.
LaTeX Info: Redefining \] on input line 111.
Package hyperref Info: Link coloring ON on input line 111.
 (./Thesis.out) (./Thesis.out)
\@outlinefile=\write4
\openout4 = `Thesis.out'.

 (c:/texlive/2024/texmf-dist/tex/latex/pdflscape/pdflscape.sty
Package: pdflscape 2022-10-27 v0.13 Display of landscape pages in PDF
 (c:/texlive/2024/texmf-dist/tex/latex/pdflscape/pdflscape-nometadata.sty
Package: pdflscape-nometadata 2022-10-28 v0.13 Display of landscape pages in PDF (HO)
 (c:/texlive/2024/texmf-dist/tex/latex/graphics/lscape.sty
Package: lscape 2020/05/28 v3.02 Landscape Pages (DPC)
)
Package pdflscape Info: Auto-detected driver: pdftex on input line 81.
))
Package epstopdf Info: Source file: <Images/02_ING_IND_INFORMAZIONE_COL_POSITIVO.eps>
(epstopdf)                    date: 2024-09-11 11:58:05
(epstopdf)                    size: 1016894 bytes
(epstopdf)             Output file: <Images/02_ING_IND_INFORMAZIONE_COL_POSITIVO-eps-converted-to.pdf>
(epstopdf)                    date: 2024-09-12 09:49:35
(epstopdf)                    size: 81651 bytes
(epstopdf)             Command: <repstopdf --outfile=Images/02_ING_IND_INFORMAZIONE_COL_POSITIVO-eps-converted-to.pdf Images/02_ING_IND_INFORMAZIONE_COL_POSITIVO.eps>
(epstopdf)             \includegraphics on input line 134.
Package epstopdf Info: Output file is already uptodate.
<Images/02_ING_IND_INFORMAZIONE_COL_POSITIVO-eps-converted-to.pdf, id=183, 493.845pt x 227.85126pt>
File: Images/02_ING_IND_INFORMAZIONE_COL_POSITIVO-eps-converted-to.pdf Graphic file (type pdf)
<use Images/02_ING_IND_INFORMAZIONE_COL_POSITIVO-eps-converted-to.pdf>
Package pdftex.def Info: Images/02_ING_IND_INFORMAZIONE_COL_POSITIVO-eps-converted-to.pdf  used on input line 134.
(pdftex.def)             Requested size: 302.73503pt x 150.052pt.
LaTeX Font Info:    Trying to load font information for U+msa on input line 134.
 (c:/texlive/2024/texmf-dist/tex/latex/amsfonts/umsa.fd
File: umsa.fd 2013/01/14 v3.01 AMS symbols A
)
LaTeX Font Info:    Trying to load font information for U+msb on input line 134.
 (c:/texlive/2024/texmf-dist/tex/latex/amsfonts/umsb.fd
File: umsb.fd 2013/01/14 v3.01 AMS symbols B
)

Package epstopdf Info: Source file: <./Images/./raggiera_polimi.eps>
(epstopdf)                    date: 2024-09-11 11:58:05
(epstopdf)                    size: 1813066 bytes
(epstopdf)             Output file: <./Images/./raggiera_polimi-eps-converted-to.pdf>
(epstopdf)                    date: 2024-09-12 09:49:36
(epstopdf)                    size: 40189 bytes
(epstopdf)             Command: <repstopdf --outfile=./Images/./raggiera_polimi-eps-converted-to.pdf ./Images/./raggiera_polimi.eps>
(epstopdf)             \includegraphics on input line 134.
Package epstopdf Info: Output file is already uptodate.
<./Images/./raggiera_polimi-eps-converted-to.pdf, id=185, 502.87875pt x 502.87875pt>
File: ./Images/./raggiera_polimi-eps-converted-to.pdf Graphic file (type pdf)
<use ./Images/./raggiera_polimi-eps-converted-to.pdf>
Package pdftex.def Info: ./Images/./raggiera_polimi-eps-converted-to.pdf  used on input line 134.
(pdftex.def)             Requested size: 418.25368pt x 418.24866pt.
[1



{c:/texlive/2024/texmf-var/fonts/map/pdftex/updmap/pdftex.map}{c:/texlive/2024/texmf-dist/fonts/enc/dvips/cm-super/cm-super-t1.enc} <./Images/./raggiera_polimi-eps-converted-to.pdf> <./Images/02_ING_IND_INFORMAZIONE_COL_POSITIVO-eps-converted-to.pdf>]

Package epstopdf Info: Source file: <./Images/./raggiera_polimi.eps>
(epstopdf)                    date: 2024-09-11 11:58:05
(epstopdf)                    size: 1813066 bytes
(epstopdf)             Output file: <./Images/./raggiera_polimi-eps-converted-to.pdf>
(epstopdf)                    date: 2024-09-12 09:49:36
(epstopdf)                    size: 40189 bytes
(epstopdf)             Command: <repstopdf --outfile=./Images/./raggiera_polimi-eps-converted-to.pdf ./Images/./raggiera_polimi.eps>
(epstopdf)             \includegraphics on input line 139.
Package epstopdf Info: Output file is already uptodate.
File: ./Images/./raggiera_polimi-eps-converted-to.pdf Graphic file (type pdf)
<use ./Images/./raggiera_polimi-eps-converted-to.pdf>
Package pdftex.def Info: ./Images/./raggiera_polimi-eps-converted-to.pdf  used on input line 139.
(pdftex.def)             Requested size: 507.88533pt x 507.88051pt.
[2

]


pdfTeX warning (ext4): destination with the same identifier (name{page.i}) has been already used, duplicate ignored
<to be read again> 
                   \relax 
l.162 \chapter*{Abstract in lingua italiana}
                                             [1


]


pdfTeX warning (ext4): destination with the same identifier (name{page.ii}) has been already used, duplicate ignored
<to be read again> 
                   \relax 
l.162 \chapter*{Abstract in lingua italiana}
                                            
Package epstopdf Info: Source file: <./Images/./raggiera_polimi.eps>
(epstopdf)                    date: 2024-09-11 11:58:05
(epstopdf)                    size: 1813066 bytes
(epstopdf)             Output file: <./Images/./raggiera_polimi-eps-converted-to.pdf>
(epstopdf)                    date: 2024-09-12 09:49:36
(epstopdf)                    size: 40189 bytes
(epstopdf)             Command: <repstopdf --outfile=./Images/./raggiera_polimi-eps-converted-to.pdf ./Images/./raggiera_polimi.eps>
(epstopdf)             \includegraphics on input line 162.
Package epstopdf Info: Output file is already uptodate.
File: ./Images/./raggiera_polimi-eps-converted-to.pdf Graphic file (type pdf)
<use ./Images/./raggiera_polimi-eps-converted-to.pdf>
Package pdftex.def Info: ./Images/./raggiera_polimi-eps-converted-to.pdf  used on input line 162.
(pdftex.def)             Requested size: 507.88533pt x 507.88051pt.
 [2

]

[3

]

Package epstopdf Info: Source file: <./Images/./raggiera_polimi.eps>
(epstopdf)                    date: 2024-09-11 11:58:05
(epstopdf)                    size: 1813066 bytes
(epstopdf)             Output file: <./Images/./raggiera_polimi-eps-converted-to.pdf>
(epstopdf)                    date: 2024-09-12 09:49:36
(epstopdf)                    size: 40189 bytes
(epstopdf)             Command: <repstopdf --outfile=./Images/./raggiera_polimi-eps-converted-to.pdf ./Images/./raggiera_polimi.eps>
(epstopdf)             \includegraphics on input line 173.
Package epstopdf Info: Output file is already uptodate.
File: ./Images/./raggiera_polimi-eps-converted-to.pdf Graphic file (type pdf)
<use ./Images/./raggiera_polimi-eps-converted-to.pdf>
Package pdftex.def Info: ./Images/./raggiera_polimi-eps-converted-to.pdf  used on input line 173.
(pdftex.def)             Requested size: 507.88533pt x 507.88051pt.
[4

] (./Thesis.toc

[5

])
\tf@toc=\write5
\openout5 = `Thesis.toc'.



[6]
Chapter 1.


[1




]

Package epstopdf Info: Source file: <./Images/./raggiera_polimi.eps>
(epstopdf)                    date: 2024-09-11 11:58:05
(epstopdf)                    size: 1813066 bytes
(epstopdf)             Output file: <./Images/./raggiera_polimi-eps-converted-to.pdf>
(epstopdf)                    date: 2024-09-12 09:49:36
(epstopdf)                    size: 40189 bytes
(epstopdf)             Command: <repstopdf --outfile=./Images/./raggiera_polimi-eps-converted-to.pdf ./Images/./raggiera_polimi.eps>
(epstopdf)             \includegraphics on input line 203.
Package epstopdf Info: Output file is already uptodate.
File: ./Images/./raggiera_polimi-eps-converted-to.pdf Graphic file (type pdf)
<use ./Images/./raggiera_polimi-eps-converted-to.pdf>
Package pdftex.def Info: ./Images/./raggiera_polimi-eps-converted-to.pdf  used on input line 203.
(pdftex.def)             Requested size: 507.88533pt x 507.88051pt.
[2

]
Chapter 2.


[3

]

[4]

[5]

[6]
<Images/Thunder_Mountain_(Capture_the_Flag).png, id=381, 1204.5pt x 1497.595pt>
File: Images/Thunder_Mountain_(Capture_the_Flag).png Graphic file (type png)
<use Images/Thunder_Mountain_(Capture_the_Flag).png>
Package pdftex.def Info: Images/Thunder_Mountain_(Capture_the_Flag).png  used on input line 258.
(pdftex.def)             Requested size: 146.44519pt x 182.09486pt.
<Images/Dust_II.png, id=383, 803.0pt x 803.0pt>
File: Images/Dust_II.png Graphic file (type png)
<use Images/Dust_II.png>
Package pdftex.def Info: Images/Dust_II.png  used on input line 262.
(pdftex.def)             Requested size: 182.08852pt x 182.09486pt.


[7]

[8 <./Images/Thunder_Mountain_(Capture_the_Flag).png> <./Images/Dust_II.png>]
<Images/Minecraft.png, id=418, 857.2025pt x 481.8pt>
File: Images/Minecraft.png Graphic file (type png)
<use Images/Minecraft.png>
Package pdftex.def Info: Images/Minecraft.png  used on input line 283.
(pdftex.def)             Requested size: 161.98073pt x 91.04742pt.
<Images/MD.png, id=419, 256.96pt x 192.72pt>
File: Images/MD.png Graphic file (type png)
<use Images/MD.png>
Package pdftex.def Info: Images/MD.png  used on input line 290.
(pdftex.def)             Requested size: 121.39462pt x 91.04742pt.
<Images/Hades.jpg, id=420, 3854.4pt x 2168.1pt>
File: Images/Hades.jpg Graphic file (type jpg)
<use Images/Hades.jpg>
Package pdftex.def Info: Images/Hades.jpg  used on input line 293.
(pdftex.def)             Requested size: 161.8543pt x 91.04742pt.

Overfull \hbox (13.4798pt too wide) in paragraph at lines 283--294
 [][][][][][] 
 []



[9 <./Images/Minecraft.png> <./Images/MD.png> <./Images/Hades.jpg>]
<Images/Togelius.png, id=444, 343.2825pt x 241.65282pt>
File: Images/Togelius.png Graphic file (type png)
<use Images/Togelius.png>
Package pdftex.def Info: Images/Togelius.png  used on input line 309.
(pdftex.def)             Requested size: 273.14923pt x 192.28268pt.


[10 <./Images/Togelius.png>]

[11]
<Images/aw.png, id=470, 204.01219pt x 207.02344pt>
File: Images/aw.png Graphic file (type png)
<use Images/aw.png>
Package pdftex.def Info: Images/aw.png  used on input line 348.
(pdftex.def)             Requested size: 89.72516pt x 91.04742pt.
<Images/ab.png, id=471, 210.03468pt x 213.04594pt>
File: Images/ab.png Graphic file (type png)
<use Images/ab.png>
Package pdftex.def Info: Images/ab.png  used on input line 352.
(pdftex.def)             Requested size: 89.7619pt x 91.04742pt.
<Images/Grid.png, id=472, 210.03468pt x 210.03468pt>
File: Images/Grid.png Graphic file (type png)
<use Images/Grid.png>
Package pdftex.def Info: Images/Grid.png  used on input line 355.
(pdftex.def)             Requested size: 91.04706pt x 91.04742pt.
<Images/rd.png, id=473, 211.54031pt x 213.04594pt>
File: Images/rd.png Graphic file (type png)
<use Images/rd.png>
Package pdftex.def Info: Images/rd.png  used on input line 358.
(pdftex.def)             Requested size: 90.40536pt x 91.04742pt.


[12{c:/texlive/2024/texmf-dist/fonts/enc/dvips/cm-super/cm-super-ts1.enc}]

[13 <./Images/aw.png> <./Images/ab.png> <./Images/Grid.png> <./Images/rd.png>]

[14]

[15]
<Images/MAPElites.png, id=552, 785.18344pt x 325.96782pt>
File: Images/MAPElites.png Graphic file (type png)
<use Images/MAPElites.png>
Package pdftex.def Info: Images/MAPElites.png  used on input line 399.
(pdftex.def)             Requested size: 318.66948pt x 132.29477pt.


[16 <./Images/MAPElites.png>]

[17]

[18]

[19]

[20]
Chapter 3.


[21


]

[22]

[23]

[24]

[25]

[26]

[27]

Package epstopdf Info: Source file: <./Images/./raggiera_polimi.eps>
(epstopdf)                    date: 2024-09-11 11:58:05
(epstopdf)                    size: 1813066 bytes
(epstopdf)             Output file: <./Images/./raggiera_polimi-eps-converted-to.pdf>
(epstopdf)                    date: 2024-09-12 09:49:36
(epstopdf)                    size: 40189 bytes
(epstopdf)             Command: <repstopdf --outfile=./Images/./raggiera_polimi-eps-converted-to.pdf ./Images/./raggiera_polimi.eps>
(epstopdf)             \includegraphics on input line 574.
Package epstopdf Info: Output file is already uptodate.
File: ./Images/./raggiera_polimi-eps-converted-to.pdf Graphic file (type pdf)
<use ./Images/./raggiera_polimi-eps-converted-to.pdf>
Package pdftex.def Info: ./Images/./raggiera_polimi-eps-converted-to.pdf  used on input line 574.
(pdftex.def)             Requested size: 507.88533pt x 507.88051pt.
[28

]
Chapter 4.


[29

]
<images/ABGenome.png, id=754, 462.528pt x 346.896pt>
File: images/ABGenome.png Graphic file (type png)
<use images/ABGenome.png>
Package pdftex.def Info: images/ABGenome.png  used on input line 600.
(pdftex.def)             Requested size: 295.90588pt x 221.93857pt.


[30 <./Images/ABGenome.png>]
<images/GridGraph.png, id=762, 596.98032pt x 271.76532pt>
File: images/GridGraph.png Graphic file (type png)
<use images/GridGraph.png>
Package pdftex.def Info: images/GridGraph.png  used on input line 619.
(pdftex.def)             Requested size: 386.96027pt x 176.15604pt.


[31 <./Images/GridGraph.png>]

[32]
<images/PointGenome.png, id=777, 462.528pt x 346.896pt>
File: images/PointGenome.png Graphic file (type png)
<use images/PointGenome.png>
Package pdftex.def Info: images/PointGenome.png  used on input line 645.
(pdftex.def)             Requested size: 295.90588pt x 221.93857pt.


[33 <./Images/PointGenome.png>]

[34]
<images/SMT_NotAdded.png, id=809, 462.528pt x 346.896pt>
File: images/SMT_NotAdded.png Graphic file (type png)
<use images/SMT_NotAdded.png>
Package pdftex.def Info: images/SMT_NotAdded.png  used on input line 703.
(pdftex.def)             Requested size: 204.85846pt x 153.6457pt.
<images/SMT_added.png, id=810, 462.528pt x 346.896pt>
File: images/SMT_added.png Graphic file (type png)
<use images/SMT_added.png>
Package pdftex.def Info: images/SMT_added.png  used on input line 705.
(pdftex.def)             Requested size: 204.85846pt x 153.6457pt.
<images/SMT_Added.png, id=811, 462.528pt x 346.896pt>
File: images/SMT_Added.png Graphic file (type png)
<use images/SMT_Added.png>
Package pdftex.def Info: images/SMT_Added.png  used on input line 716.
(pdftex.def)             Requested size: 204.85846pt x 153.6457pt.
<images/SMT_Added_2.png, id=812, 462.528pt x 346.896pt>
File: images/SMT_Added_2.png Graphic file (type png)
<use images/SMT_Added_2.png>
Package pdftex.def Info: images/SMT_Added_2.png  used on input line 718.
(pdftex.def)             Requested size: 204.85846pt x 153.6457pt.


[35]

[36 <./Images/SMT_NotAdded.png> <./Images/SMT_Added.png> <./Images/SMT_Added.png> <./Images/SMT_Added_2.png>]

[37]

[38]
<images/Deaths_Heat_Example.png, id=859, 250.68657pt x 228.10219pt>
File: images/Deaths_Heat_Example.png Graphic file (type png)
<use images/Deaths_Heat_Example.png>
Package pdftex.def Info: images/Deaths_Heat_Example.png  used on input line 802.
(pdftex.def)             Requested size: 182.09486pt x 165.69875pt.
<images/Kill_Heat_Example.png, id=860, 261.22594pt x 223.58531pt>
File: images/Kill_Heat_Example.png Graphic file (type png)
<use images/Kill_Heat_Example.png>
Package pdftex.def Info: images/Kill_Heat_Example.png  used on input line 804.
(pdftex.def)             Requested size: 182.09486pt x 155.85701pt.


[39 <./Images/Deaths_Heat_Example.png> <./Images/Kill_Heat_Example.png>]
<images/Traces_Example.png, id=870, 265.74281pt x 249.18094pt>
File: images/Traces_Example.png Graphic file (type png)
<use images/Traces_Example.png>
Package pdftex.def Info: images/Traces_Example.png  used on input line 821.
(pdftex.def)             Requested size: 182.09486pt x 170.74873pt.


[40 <./Images/Traces_Example.png>]
<images/graph_dist_color.png, id=886, 183.68625pt x 182.93344pt>
File: images/graph_dist_color.png Graphic file (type png)
<use images/graph_dist_color.png>
Package pdftex.def Info: images/graph_dist_color.png  used on input line 839.
(pdftex.def)             Requested size: 182.85333pt x 182.09486pt.
<images/graph_dist.png, id=887, 322.95656pt x 241.65282pt>
File: images/graph_dist.png Graphic file (type png)
<use images/graph_dist.png>
Package pdftex.def Info: images/graph_dist.png  used on input line 841.
(pdftex.def)             Requested size: 243.36995pt x 182.09486pt.
<images/graph_v_1.png, id=892, 277.78781pt x 277.78781pt>
File: images/graph_v_1.png Graphic file (type png)
<use images/graph_v_1.png>
Package pdftex.def Info: images/graph_v_1.png  used on input line 850.
(pdftex.def)             Requested size: 136.57498pt x 136.57462pt.
<images/graph_v_2.png, id=893, 371.13657pt x 274.77657pt>
File: images/graph_v_2.png Graphic file (type png)
<use images/graph_v_2.png>
Package pdftex.def Info: images/graph_v_2.png  used on input line 852.
(pdftex.def)             Requested size: 184.47484pt x 136.57462pt.
<images/graph_v_3.png, id=894, 371.13657pt x 277.78781pt>
File: images/graph_v_3.png Graphic file (type png)
<use images/graph_v_3.png>
Package pdftex.def Info: images/graph_v_3.png  used on input line 854.
(pdftex.def)             Requested size: 182.47011pt x 136.57462pt.
<images/graph_v_4.png, id=895, 372.64218pt x 276.28218pt>
File: images/graph_v_4.png Graphic file (type png)
<use images/graph_v_4.png>
Package pdftex.def Info: images/graph_v_4.png  used on input line 856.
(pdftex.def)             Requested size: 184.20541pt x 136.57462pt.
<images/graph_v_5.png, id=896, 372.64218pt x 277.78781pt>
File: images/graph_v_5.png Graphic file (type png)
<use images/graph_v_5.png>
Package pdftex.def Info: images/graph_v_5.png  used on input line 858.
(pdftex.def)             Requested size: 183.21036pt x 136.57462pt.
<images/graph_v_6.png, id=897, 372.64218pt x 277.78781pt>
File: images/graph_v_6.png Graphic file (type png)
<use images/graph_v_6.png>
Package pdftex.def Info: images/graph_v_6.png  used on input line 860.
(pdftex.def)             Requested size: 183.21036pt x 136.57462pt.


[41 <./Images/graph_dist_color.png> <./Images/graph_dist.png>]
<images/graph_compare_dist.png, id=914, 321.45094pt x 240.14719pt>
File: images/graph_compare_dist.png Graphic file (type png)
<use images/graph_compare_dist.png>
Package pdftex.def Info: images/graph_compare_dist.png  used on input line 870.
(pdftex.def)             Requested size: 204.85846pt x 153.04874pt.
<images/graph_compare_vor.png, id=915, 322.95656pt x 238.64156pt>
File: images/graph_compare_vor.png Graphic file (type png)
<use images/graph_compare_vor.png>
Package pdftex.def Info: images/graph_compare_vor.png  used on input line 872.
(pdftex.def)             Requested size: 204.85846pt x 151.37547pt.


[42 <./Images/graph_v_1.png> <./Images/graph_v_2.png> <./Images/graph_v_3.png> <./Images/graph_v_4.png> <./Images/graph_v_5.png> <./Images/graph_v_6.png>]

[43 <./Images/graph_compare_dist.png> <./Images/graph_compare_vor.png>]

[44]
<images/visibility_old.png, id=949, 359.09157pt x 294.34969pt>
File: images/visibility_old.png Graphic file (type png)
<use images/visibility_old.png>
Package pdftex.def Info: images/visibility_old.png  used on input line 917.
(pdftex.def)             Requested size: 204.85846pt x 167.92928pt.
<images/visibility_new.png, id=950, 353.06906pt x 297.36093pt>
File: images/visibility_new.png Graphic file (type png)
<use images/visibility_new.png>
Package pdftex.def Info: images/visibility_new.png  used on input line 919.
(pdftex.def)             Requested size: 204.85846pt x 172.5375pt.


[45]

[46 <./Images/visibility_old.png> <./Images/visibility_new.png>]

[47]

Package epstopdf Info: Source file: <./Images/./raggiera_polimi.eps>
(epstopdf)                    date: 2024-09-11 11:58:05
(epstopdf)                    size: 1813066 bytes
(epstopdf)             Output file: <./Images/./raggiera_polimi-eps-converted-to.pdf>
(epstopdf)                    date: 2024-09-12 09:49:36
(epstopdf)                    size: 40189 bytes
(epstopdf)             Command: <repstopdf --outfile=./Images/./raggiera_polimi-eps-converted-to.pdf ./Images/./raggiera_polimi.eps>
(epstopdf)             \includegraphics on input line 974.
Package epstopdf Info: Output file is already uptodate.
File: ./Images/./raggiera_polimi-eps-converted-to.pdf Graphic file (type pdf)
<use ./Images/./raggiera_polimi-eps-converted-to.pdf>
Package pdftex.def Info: ./Images/./raggiera_polimi-eps-converted-to.pdf  used on input line 974.
(pdftex.def)             Requested size: 507.88533pt x 507.88051pt.
[48

]
Chapter 5.
<images/phenotype_var_ab_0_nm1.png, id=987, 281.1303pt x 281.1303pt>
File: images/phenotype_var_ab_0_nm1.png Graphic file (type png)
<use images/phenotype_var_ab_0_nm1.png>
Package pdftex.def Info: images/phenotype_var_ab_0_nm1.png  used on input line 988.
(pdftex.def)             Requested size: 68.28383pt x 68.2834pt.
<images/boxplot_var_ab_0_nm1_numsim_1.png, id=988, 650.43pt x 361.35pt>
File: images/boxplot_var_ab_0_nm1_numsim_1.png Graphic file (type png)
<use images/boxplot_var_ab_0_nm1_numsim_1.png>
Package pdftex.def Info: images/boxplot_var_ab_0_nm1_numsim_1.png  used on input line 988.
(pdftex.def)             Requested size: 386.96027pt x 214.98111pt.

Overfull \hbox (11.74712pt too wide) in paragraph at lines 988--989
 [][] 
 []

<images/phenotype_var_grid_0_nm1.png, id=989, 372.1905pt x 193.6836pt>
File: images/phenotype_var_grid_0_nm1.png Graphic file (type png)
<use images/phenotype_var_grid_0_nm1.png>
Package pdftex.def Info: images/phenotype_var_grid_0_nm1.png  used on input line 997.
(pdftex.def)             Requested size: 68.28383pt x 35.5324pt.
<images/boxplot_var_grid_0_nm1_numsim_1.png, id=990, 650.43pt x 361.35pt>
File: images/boxplot_var_grid_0_nm1_numsim_1.png Graphic file (type png)
<use images/boxplot_var_grid_0_nm1_numsim_1.png>
Package pdftex.def Info: images/boxplot_var_grid_0_nm1_numsim_1.png  used on input line 997.
(pdftex.def)             Requested size: 386.96027pt x 214.98111pt.

Overfull \hbox (11.74712pt too wide) in paragraph at lines 997--998
 [][] 
 []

<images/phenotype_var_pointad_0_nm1.png, id=991, 281.1303pt x 281.1303pt>
File: images/phenotype_var_pointad_0_nm1.png Graphic file (type png)
<use images/phenotype_var_pointad_0_nm1.png>
Package pdftex.def Info: images/phenotype_var_pointad_0_nm1.png  used on input line 1006.
(pdftex.def)             Requested size: 68.28383pt x 68.2834pt.
<images/boxplot_var_pointad_0_nm1_numsim_1.png, id=992, 650.43pt x 361.35pt>
File: images/boxplot_var_pointad_0_nm1_numsim_1.png Graphic file (type png)
<use images/boxplot_var_pointad_0_nm1_numsim_1.png>
Package pdftex.def Info: images/boxplot_var_pointad_0_nm1_numsim_1.png  used on input line 1006.
(pdftex.def)             Requested size: 386.96027pt x 214.98111pt.

Overfull \hbox (11.74712pt too wide) in paragraph at lines 1006--1007
 [][] 
 []

<images/phenotype_var_smt_0_nm1.png, id=993, 281.1303pt x 281.1303pt>
File: images/phenotype_var_smt_0_nm1.png Graphic file (type png)
<use images/phenotype_var_smt_0_nm1.png>
Package pdftex.def Info: images/phenotype_var_smt_0_nm1.png  used on input line 1016.
(pdftex.def)             Requested size: 68.28383pt x 68.2834pt.
<images/boxplot_var_smt_0_nm1_numsim_1.png, id=994, 650.43pt x 361.35pt>
File: images/boxplot_var_smt_0_nm1_numsim_1.png Graphic file (type png)
<use images/boxplot_var_smt_0_nm1_numsim_1.png>
Package pdftex.def Info: images/boxplot_var_smt_0_nm1_numsim_1.png  used on input line 1016.
(pdftex.def)             Requested size: 386.96027pt x 214.98111pt.

Overfull \hbox (11.74712pt too wide) in paragraph at lines 1016--1017
 [][] 
 []



[49

]

[50 <./Images/phenotype_var_ab_0_nm1.png> <./Images/boxplot_var_ab_0_nm1_numsim_1.png> <./Images/phenotype_var_grid_0_nm1.png> <./Images/boxplot_var_grid_0_nm1_numsim_1.png>]

[51 <./Images/phenotype_var_pointad_0_nm1.png> <./Images/boxplot_var_pointad_0_nm1_numsim_1.png> <./Images/phenotype_var_smt_0_nm1.png> <./Images/boxplot_var_smt_0_nm1_numsim_1.png>]
<images/phenotype_var_ab_0_nm5.png, id=1032, 281.1303pt x 281.1303pt>
File: images/phenotype_var_ab_0_nm5.png Graphic file (type png)
<use images/phenotype_var_ab_0_nm5.png>
Package pdftex.def Info: images/phenotype_var_ab_0_nm5.png  used on input line 1033.
(pdftex.def)             Requested size: 68.28383pt x 68.2834pt.
<images/boxplot_var_ab_0_nm5_numsim_5.png, id=1033, 650.43pt x 361.35pt>
File: images/boxplot_var_ab_0_nm5_numsim_5.png Graphic file (type png)
<use images/boxplot_var_ab_0_nm5_numsim_5.png>
Package pdftex.def Info: images/boxplot_var_ab_0_nm5_numsim_5.png  used on input line 1033.
(pdftex.def)             Requested size: 386.96027pt x 214.98111pt.

Overfull \hbox (11.74712pt too wide) in paragraph at lines 1033--1034
 [][] 
 []

<images/phenotype_var_grid_0_nm5.png, id=1034, 372.1905pt x 193.6836pt>
File: images/phenotype_var_grid_0_nm5.png Graphic file (type png)
<use images/phenotype_var_grid_0_nm5.png>
Package pdftex.def Info: images/phenotype_var_grid_0_nm5.png  used on input line 1044.
(pdftex.def)             Requested size: 68.28383pt x 35.5324pt.
<images/boxplot_var_grid_0_nm5_numsim_5.png, id=1035, 650.43pt x 361.35pt>
File: images/boxplot_var_grid_0_nm5_numsim_5.png Graphic file (type png)
<use images/boxplot_var_grid_0_nm5_numsim_5.png>
Package pdftex.def Info: images/boxplot_var_grid_0_nm5_numsim_5.png  used on input line 1044.
(pdftex.def)             Requested size: 386.96027pt x 214.98111pt.

Overfull \hbox (11.74712pt too wide) in paragraph at lines 1044--1045
[][] 
 []

<images/phenotype_var_pointad_0_nm5.png, id=1036, 281.1303pt x 281.1303pt>
File: images/phenotype_var_pointad_0_nm5.png Graphic file (type png)
<use images/phenotype_var_pointad_0_nm5.png>
Package pdftex.def Info: images/phenotype_var_pointad_0_nm5.png  used on input line 1053.
(pdftex.def)             Requested size: 68.28383pt x 68.2834pt.
<images/boxplot_var_pointad_0_nm5_numsim_5.png, id=1037, 650.43pt x 361.35pt>
File: images/boxplot_var_pointad_0_nm5_numsim_5.png Graphic file (type png)
<use images/boxplot_var_pointad_0_nm5_numsim_5.png>
Package pdftex.def Info: images/boxplot_var_pointad_0_nm5_numsim_5.png  used on input line 1053.
(pdftex.def)             Requested size: 386.96027pt x 214.98111pt.

Overfull \hbox (11.74712pt too wide) in paragraph at lines 1053--1054
[][] 
 []

<images/phenotype_var_smt_0_nm5.png, id=1038, 281.1303pt x 281.1303pt>
File: images/phenotype_var_smt_0_nm5.png Graphic file (type png)
<use images/phenotype_var_smt_0_nm5.png>
Package pdftex.def Info: images/phenotype_var_smt_0_nm5.png  used on input line 1062.
(pdftex.def)             Requested size: 68.28383pt x 68.2834pt.
<images/boxplot_var_smt_0_nm5_numsim_5.png, id=1039, 650.43pt x 361.35pt>
File: images/boxplot_var_smt_0_nm5_numsim_5.png Graphic file (type png)
<use images/boxplot_var_smt_0_nm5_numsim_5.png>
Package pdftex.def Info: images/boxplot_var_smt_0_nm5_numsim_5.png  used on input line 1062.
(pdftex.def)             Requested size: 386.96027pt x 214.98111pt.

Overfull \hbox (11.74712pt too wide) in paragraph at lines 1062--1063
[][] 
 []



[52

 <./Images/phenotype_var_ab_0_nm5.png> <./Images/boxplot_var_ab_0_nm5_numsim_5.png>]

[53 <./Images/phenotype_var_grid_0_nm5.png> <./Images/boxplot_var_grid_0_nm5_numsim_5.png> <./Images/phenotype_var_pointad_0_nm5.png> <./Images/boxplot_var_pointad_0_nm5_numsim_5.png>]
<images/boxplot_emergent_smtnoise_f_run2_numsim_5.png, id=1065, 650.43pt x 361.35pt>
File: images/boxplot_emergent_smtnoise_f_run2_numsim_5.png Graphic file (type png)
<use images/boxplot_emergent_smtnoise_f_run2_numsim_5.png>
Package pdftex.def Info: images/boxplot_emergent_smtnoise_f_run2_numsim_5.png  used on input line 1078.
(pdftex.def)             Requested size: 386.96027pt x 214.98111pt.
<images/boxplot_topology_smtnoise_f_run2_numsim_5.png, id=1066, 650.43pt x 361.35pt>
File: images/boxplot_topology_smtnoise_f_run2_numsim_5.png Graphic file (type png)
<use images/boxplot_topology_smtnoise_f_run2_numsim_5.png>
Package pdftex.def Info: images/boxplot_topology_smtnoise_f_run2_numsim_5.png  used on input line 1086.
(pdftex.def)             Requested size: 386.96027pt x 214.98111pt.


[54 <./Images/phenotype_var_smt_0_nm5.png> <./Images/boxplot_var_smt_0_nm5_numsim_5.png>]

[55 <./Images/boxplot_emergent_smtnoise_f_run2_numsim_5.png> <./Images/boxplot_topology_smtnoise_f_run2_numsim_5.png>]
<images/covariance_map_full.png, id=1089, 1734.48pt x 1156.32pt>
File: images/covariance_map_full.png Graphic file (type png)
<use images/covariance_map_full.png>
Package pdftex.def Info: images/covariance_map_full.png  used on input line 1100.
(pdftex.def)             Requested size: 455.24411pt x 303.49443pt.
<images/covariance_clustermap_reduced.png, id=1093, 722.7pt x 722.7pt>
File: images/covariance_clustermap_reduced.png Graphic file (type png)
<use images/covariance_clustermap_reduced.png>
Package pdftex.def Info: images/covariance_clustermap_reduced.png  used on input line 1109.
(pdftex.def)             Requested size: 455.24411pt x 455.24826pt.


[56 <./Images/covariance_map_full.png>]

[57 <./Images/covariance_clustermap_reduced.png>]
<images/covariance_clustermap_final.png, id=1109, 722.7pt x 722.7pt>
File: images/covariance_clustermap_final.png Graphic file (type png)
<use images/covariance_clustermap_final.png>
Package pdftex.def Info: images/covariance_clustermap_final.png  used on input line 1146.
(pdftex.def)             Requested size: 455.24411pt x 455.24826pt.


[58 <./Images/covariance_clustermap_final.png>]

[59]

Package epstopdf Info: Source file: <./Images/./raggiera_polimi.eps>
(epstopdf)                    date: 2024-09-11 11:58:05
(epstopdf)                    size: 1813066 bytes
(epstopdf)             Output file: <./Images/./raggiera_polimi-eps-converted-to.pdf>
(epstopdf)                    date: 2024-09-12 09:49:36
(epstopdf)                    size: 40189 bytes
(epstopdf)             Command: <repstopdf --outfile=./Images/./raggiera_polimi-eps-converted-to.pdf ./Images/./raggiera_polimi.eps>
(epstopdf)             \includegraphics on input line 1158.
Package epstopdf Info: Output file is already uptodate.
File: ./Images/./raggiera_polimi-eps-converted-to.pdf Graphic file (type pdf)
<use ./Images/./raggiera_polimi-eps-converted-to.pdf>
Package pdftex.def Info: ./Images/./raggiera_polimi-eps-converted-to.pdf  used on input line 1158.
(pdftex.def)             Requested size: 507.88533pt x 507.88051pt.
[60

]
Chapter 6.
(./Thesis.bbl

[61

]

Package epstopdf Info: Source file: <./Images/./raggiera_polimi.eps>
(epstopdf)                    date: 2024-09-11 11:58:05
(epstopdf)                    size: 1813066 bytes
(epstopdf)             Output file: <./Images/./raggiera_polimi-eps-converted-to.pdf>
(epstopdf)                    date: 2024-09-12 09:49:36
(epstopdf)                    size: 40189 bytes
(epstopdf)             Command: <repstopdf --outfile=./Images/./raggiera_polimi-eps-converted-to.pdf ./Images/./raggiera_polimi.eps>
(epstopdf)             \includegraphics on input line 1.
Package epstopdf Info: Output file is already uptodate.
File: ./Images/./raggiera_polimi-eps-converted-to.pdf Graphic file (type pdf)
<use ./Images/./raggiera_polimi-eps-converted-to.pdf>
Package pdftex.def Info: ./Images/./raggiera_polimi-eps-converted-to.pdf  used on input line 1.
(pdftex.def)             Requested size: 507.88533pt x 507.88051pt.
[62

]

[63

]
Underfull \hbox (badness 10000) in paragraph at lines 120--123
[]\T1/cmr/m/n/12 R. Gold-stein.  A Quick and Clear Look at Grid-Based Vis-
 []


Underfull \hbox (badness 10000) in paragraph at lines 120--123
\T1/cmr/m/n/12 i-bil-ity, May 2023.  URL [][]$\T1/cmtt/m/n/12 https : / / towardsdatascience . com /
 []



[64]

[65]

[66]

[67])

[68]
Appendix A.


[69



]

Package epstopdf Info: Source file: <./Images/./raggiera_polimi.eps>
(epstopdf)                    date: 2024-09-11 11:58:05
(epstopdf)                    size: 1813066 bytes
(epstopdf)             Output file: <./Images/./raggiera_polimi-eps-converted-to.pdf>
(epstopdf)                    date: 2024-09-12 09:49:36
(epstopdf)                    size: 40189 bytes
(epstopdf)             Command: <repstopdf --outfile=./Images/./raggiera_polimi-eps-converted-to.pdf ./Images/./raggiera_polimi.eps>
(epstopdf)             \includegraphics on input line 1182.
Package epstopdf Info: Output file is already uptodate.
File: ./Images/./raggiera_polimi-eps-converted-to.pdf Graphic file (type pdf)
<use ./Images/./raggiera_polimi-eps-converted-to.pdf>
Package pdftex.def Info: ./Images/./raggiera_polimi-eps-converted-to.pdf  used on input line 1182.
(pdftex.def)             Requested size: 507.88533pt x 507.88051pt.
[70

]
Appendix B.


[71

]

Package epstopdf Info: Source file: <./Images/./raggiera_polimi.eps>
(epstopdf)                    date: 2024-09-11 11:58:05
(epstopdf)                    size: 1813066 bytes
(epstopdf)             Output file: <./Images/./raggiera_polimi-eps-converted-to.pdf>
(epstopdf)                    date: 2024-09-12 09:49:36
(epstopdf)                    size: 40189 bytes
(epstopdf)             Command: <repstopdf --outfile=./Images/./raggiera_polimi-eps-converted-to.pdf ./Images/./raggiera_polimi.eps>
(epstopdf)             \includegraphics on input line 1187.
Package epstopdf Info: Output file is already uptodate.
File: ./Images/./raggiera_polimi-eps-converted-to.pdf Graphic file (type pdf)
<use ./Images/./raggiera_polimi-eps-converted-to.pdf>
Package pdftex.def Info: ./Images/./raggiera_polimi-eps-converted-to.pdf  used on input line 1187.
(pdftex.def)             Requested size: 507.88533pt x 507.88051pt.
[72

] (./Thesis.lof

[73

])
\tf@lof=\write6
\openout6 = `Thesis.lof'.



[74] (./Thesis.lot)
\tf@lot=\write7
\openout7 = `Thesis.lot'.



[75


]

Package epstopdf Info: Source file: <./Images/./raggiera_polimi.eps>
(epstopdf)                    date: 2024-09-11 11:58:05
(epstopdf)                    size: 1813066 bytes
(epstopdf)             Output file: <./Images/./raggiera_polimi-eps-converted-to.pdf>
(epstopdf)                    date: 2024-09-12 09:49:36
(epstopdf)                    size: 40189 bytes
(epstopdf)             Command: <repstopdf --outfile=./Images/./raggiera_polimi-eps-converted-to.pdf ./Images/./raggiera_polimi.eps>
(epstopdf)             \includegraphics on input line 1194.
Package epstopdf Info: Output file is already uptodate.
File: ./Images/./raggiera_polimi-eps-converted-to.pdf Graphic file (type pdf)
<use ./Images/./raggiera_polimi-eps-converted-to.pdf>
Package pdftex.def Info: ./Images/./raggiera_polimi-eps-converted-to.pdf  used on input line 1194.
(pdftex.def)             Requested size: 507.88533pt x 507.88051pt.
[76

]

[77

]

Package epstopdf Info: Source file: <./Images/./raggiera_polimi.eps>
(epstopdf)                    date: 2024-09-11 11:58:05
(epstopdf)                    size: 1813066 bytes
(epstopdf)             Output file: <./Images/./raggiera_polimi-eps-converted-to.pdf>
(epstopdf)                    date: 2024-09-12 09:49:36
(epstopdf)                    size: 40189 bytes
(epstopdf)             Command: <repstopdf --outfile=./Images/./raggiera_polimi-eps-converted-to.pdf ./Images/./raggiera_polimi.eps>
(epstopdf)             \includegraphics on input line 1205.
Package epstopdf Info: Output file is already uptodate.
File: ./Images/./raggiera_polimi-eps-converted-to.pdf Graphic file (type pdf)
<use ./Images/./raggiera_polimi-eps-converted-to.pdf>
Package pdftex.def Info: ./Images/./raggiera_polimi-eps-converted-to.pdf  used on input line 1205.
(pdftex.def)             Requested size: 507.88533pt x 507.88051pt.
[78

]

[79

]

Package epstopdf Info: Source file: <./Images/./raggiera_polimi.eps>
(epstopdf)                    date: 2024-09-11 11:58:05
(epstopdf)                    size: 1813066 bytes
(epstopdf)             Output file: <./Images/./raggiera_polimi-eps-converted-to.pdf>
(epstopdf)                    date: 2024-09-12 09:49:36
(epstopdf)                    size: 40189 bytes
(epstopdf)             Command: <repstopdf --outfile=./Images/./raggiera_polimi-eps-converted-to.pdf ./Images/./raggiera_polimi.eps>
(epstopdf)             \includegraphics on input line 1208.
Package epstopdf Info: Output file is already uptodate.
File: ./Images/./raggiera_polimi-eps-converted-to.pdf Graphic file (type pdf)
<use ./Images/./raggiera_polimi-eps-converted-to.pdf>
Package pdftex.def Info: ./Images/./raggiera_polimi-eps-converted-to.pdf  used on input line 1208.
(pdftex.def)             Requested size: 507.88533pt x 507.88051pt.
[80

]

Package caption Warning: Unused \captionsetup[algorithm] on input line 13.
See the caption package documentation for explanation.

(./Thesis.aux)
 ***********
LaTeX2e <2024-06-01> patch level 2
L3 programming layer <2024-08-30>
 ***********
Package rerunfilecheck Info: File `Thesis.out' has not changed.
(rerunfilecheck)             Checksum: 894A7C9EF9812267760A6453A0742530;7186.
 ) 
Here is how much of TeX's memory you used:
 32046 strings out of 473578
 602898 string characters out of 5732242
 1064230 words of memory out of 5000000
 53982 multiletter control sequences out of 15000+600000
 583650 words of font info for 100 fonts, out of 8000000 for 9000
 1141 hyphenation exceptions out of 8191
 84i,19n,93p,1758b,726s stack positions out of 10000i,1000n,20000p,200000b,200000s
<c:/texlive/2024/texmf-dist/fonts/type1/public/amsfonts/cm/cmex10.pfb><c:/texlive/2024/texmf-dist/fonts/type1/public/amsfonts/cm/cmmi12.pfb><c:/texlive/2024/texmf-dist/fonts/type1/public/amsfonts/cm/cmmi6.pfb><c:/texlive/2024/texmf-dist/fonts/type1/public/amsfonts/cm/cmmi8.pfb><c:/texlive/2024/texmf-dist/fonts/type1/public/amsfonts/cm/cmmib10.pfb><c:/texlive/2024/texmf-dist/fonts/type1/public/amsfonts/cm/cmr12.pfb><c:/texlive/2024/texmf-dist/fonts/type1/public/amsfonts/cm/cmr8.pfb><c:/texlive/2024/texmf-dist/fonts/type1/public/amsfonts/cm/cmsy10.pfb><c:/texlive/2024/texmf-dist/fonts/type1/public/cm-super/sfbx1200.pfb><c:/texlive/2024/texmf-dist/fonts/type1/public/cm-super/sfrm0700.pfb><c:/texlive/2024/texmf-dist/fonts/type1/public/cm-super/sfrm0800.pfb><c:/texlive/2024/texmf-dist/fonts/type1/public/cm-super/sfrm1000.pfb><c:/texlive/2024/texmf-dist/fonts/type1/public/cm-super/sfrm1200.pfb><c:/texlive/2024/texmf-dist/fonts/type1/public/cm-super/sfrm1728.pfb><c:/texlive/2024/texmf-dist/fonts/type1/public/cm-super/sfti0800.pfb><c:/texlive/2024/texmf-dist/fonts/type1/public/cm-super/sfti1000.pfb><c:/texlive/2024/texmf-dist/fonts/type1/public/cm-super/sfti1200.pfb><c:/texlive/2024/texmf-dist/fonts/type1/public/cm-super/sftt1000.pfb><c:/texlive/2024/texmf-dist/fonts/type1/public/cm-super/sftt1200.pfb><c:/texlive/2024/texmf-dist/fonts/type1/public/cm-super/sfxc1200.pfb>
Output written on Thesis.pdf (88 pages, 12901224 bytes).
PDF statistics:
 1480 PDF objects out of 1728 (max. 8388607)
 1222 compressed objects within 13 object streams
 355 named destinations out of 1000 (max. 500000)
 651 words of extra memory for PDF output out of 10000 (max. 10000000)

